New log file opened at Wed Nov 18 12:27:46 GMT 2015 by 2008@PC-CZC53003FG
jvm 2008@PC-CZC53003FG
jvm vmName=Java HotSpot(TM) 64-Bit Server VM vmVendor=Oracle Corporation vmVersion=25.65-b01
jvm specName=Java Virtual Machine Specification specVendor=Oracle Corporation specVersion=1.8
jvm arguments: [-Xms256m, -Xmx1024m, -XX:MetaspaceSize=64m, -XX:MaxMetaspaceSize=256m]
Starting event engine
Starting sbt command engine
Waiting for sbt command engine
Command engine arguments=List()
Command engine baseDirectory=C:\Users\jforster\workspace\play
Command engine initial remaining commands List(--initialize, onFailure load-failed, boot, server-send-ready-for-request, server-handle-next-server-request)
> --initialize
> initialize
> onFailure load-failed
> boot
> reload
[Loading] Scanning directory C:\Users\jforster\.sbt\0.13\plugins
[Loading] Found non-root projects 
[Loading] Done in C:\Users\jforster\.sbt\0.13\plugins, returning: ()
deducing auto plugins based on known facts Set(Atom(sbt.plugins.CorePlugin)) and clauses Clauses(List(Clause(Atom(sbt.plugins.JvmPlugin),Set(Atom(sbt.plugins.IvyPlugin))), Clause(Atom(sbt.plugins.JUnitXmlReportPlugin),Set(Atom(sbt.plugins.JvmPlugin))), Clause(Atom(sbt.plugins.CorePlugin),Set(Atom(sbt.plugins.IvyPlugin))), Clause(Atom(sbt.plugins.IvyPlugin),Set(Atom(sbt.plugins.JvmPlugin))), Clause(Atom(sbt.plugins.JvmPlugin),Set(Atom(sbt.plugins.JUnitXmlReportPlugin)))))
  :: deduced result: Matched(sbt.plugins.CorePlugin,sbt.plugins.IvyPlugin,sbt.plugins.JvmPlugin,sbt.plugins.JUnitXmlReportPlugin)
sorting: ns: List(sbt.plugins.CorePlugin, sbt.plugins.IvyPlugin, sbt.plugins.JvmPlugin, sbt.plugins.JUnitXmlReportPlugin)
  :: sorting:: found: List(sbt.plugins.CorePlugin) not found List(sbt.plugins.IvyPlugin, sbt.plugins.JvmPlugin, sbt.plugins.JUnitXmlReportPlugin)
  :: sorting:: found: List(sbt.plugins.CorePlugin, sbt.plugins.IvyPlugin) not found List(sbt.plugins.JvmPlugin, sbt.plugins.JUnitXmlReportPlugin)
  :: sorting:: found: List(sbt.plugins.CorePlugin, sbt.plugins.IvyPlugin, sbt.plugins.JvmPlugin) not found List(sbt.plugins.JUnitXmlReportPlugin)
  :: sorting:: found: List(sbt.plugins.CorePlugin, sbt.plugins.IvyPlugin, sbt.plugins.JvmPlugin, sbt.plugins.JUnitXmlReportPlugin) not found List()
  :: sorted deduced result: List(sbt.plugins.CorePlugin, sbt.plugins.IvyPlugin, sbt.plugins.JvmPlugin, sbt.plugins.JUnitXmlReportPlugin)
[Loading] Done in C:\Users\jforster\.sbt\0.13\plugins, returning: (global-plugins)
Loading global plugins from C:\Users\jforster\.sbt\0.13\plugins
Running task... Cancel: sbt.TaskCancellationStrategy$Null$@1e247242, check cycles: false

Initial source changes: 
	removed:Set()
	added: Set()
	modified: Set()
Removed products: Set()
External API changes: API Changes: Set()
Modified binary dependencies: Set()
Initial directly invalidated sources: Set()

Sources indirectly invalidated by:
	product: Set()
	binary dep: Set()
	external source: Set()
All initially invalidated sources: Set()

Copy resource mappings: 
	
Other repositories:
Default repositories:
Using inline dependencies specified in Scala.
[Loading] Scanning directory C:\Users\jforster\workspace\play\project
[Loading] Found non-root projects 
[Loading] Done in C:\Users\jforster\workspace\play\project, returning: ()
deducing auto plugins based on known facts Set(Atom(sbt.plugins.CorePlugin)) and clauses Clauses(List(Clause(Atom(sbt.plugins.JvmPlugin),Set(Atom(sbt.plugins.IvyPlugin))), Clause(Atom(sbt.plugins.JUnitXmlReportPlugin),Set(Atom(sbt.plugins.JvmPlugin))), Clause(Atom(sbt.plugins.CorePlugin),Set(Atom(sbt.plugins.IvyPlugin))), Clause(Atom(sbt.plugins.IvyPlugin),Set(Atom(sbt.plugins.JvmPlugin))), Clause(Atom(sbt.plugins.JvmPlugin),Set(Atom(sbt.plugins.JUnitXmlReportPlugin)))))
  :: deduced result: Matched(sbt.plugins.CorePlugin,sbt.plugins.IvyPlugin,sbt.plugins.JvmPlugin,sbt.plugins.JUnitXmlReportPlugin)
sorting: ns: List(sbt.plugins.CorePlugin, sbt.plugins.IvyPlugin, sbt.plugins.JvmPlugin, sbt.plugins.JUnitXmlReportPlugin)
  :: sorting:: found: List(sbt.plugins.CorePlugin) not found List(sbt.plugins.IvyPlugin, sbt.plugins.JvmPlugin, sbt.plugins.JUnitXmlReportPlugin)
  :: sorting:: found: List(sbt.plugins.CorePlugin, sbt.plugins.IvyPlugin) not found List(sbt.plugins.JvmPlugin, sbt.plugins.JUnitXmlReportPlugin)
  :: sorting:: found: List(sbt.plugins.CorePlugin, sbt.plugins.IvyPlugin, sbt.plugins.JvmPlugin) not found List(sbt.plugins.JUnitXmlReportPlugin)
  :: sorting:: found: List(sbt.plugins.CorePlugin, sbt.plugins.IvyPlugin, sbt.plugins.JvmPlugin, sbt.plugins.JUnitXmlReportPlugin) not found List()
  :: sorted deduced result: List(sbt.plugins.CorePlugin, sbt.plugins.IvyPlugin, sbt.plugins.JvmPlugin, sbt.plugins.JUnitXmlReportPlugin)
[Loading] Done in C:\Users\jforster\workspace\play\project, returning: (play-build)
Loading project definition from C:\Users\jforster\workspace\play\project
Running task... Cancel: sbt.TaskCancellationStrategy$Null$@1e247242, check cycles: false

Initial source changes: 
	removed:Set()
	added: Set()
	modified: Set()
Removed products: Set()
External API changes: API Changes: Set()
Modified binary dependencies: Set()
Initial directly invalidated sources: Set()

Sources indirectly invalidated by:
	product: Set()
	binary dep: Set()
	external source: Set()
All initially invalidated sources: Set()

Copy resource mappings: 
	
[Loading] Scanning directory C:\Users\jforster\workspace\play
[Loading] Found root project root w/ remaining 
deducing auto plugins based on known facts Set(Atom(play.sbt.PlayScala), Atom(sbt.plugins.CorePlugin)) and clauses Clauses(List(Clause(Atom(sbt.plugins.JvmPlugin),Set(Atom(sbt.plugins.IvyPlugin))), Clause(Atom(sbt.plugins.JUnitXmlReportPlugin),Set(Atom(sbt.plugins.JvmPlugin))), Clause(Atom(play.sbt.forkrun.PlayForkRun),Set(Atom(sbt.plugins.BackgroundRunPlugin))), Clause(Atom(play.sbt.forkrun.PlayForkRun),Set(Atom(play.sbt.Play))), Clause(Atom(play.sbt.forkrun.PlayForkRun),Set(Atom(sbt.plugins.SerializersPlugin))), Clause(Atom(play.sbt.Play),Set(Atom(com.typesafe.sbt.packager.archetypes.JavaServerAppPackaging))), Clause(Atom(play.sbt.Play),Set(Atom(play.sbt.routes.RoutesCompiler))), Clause(Atom(play.sbt.Play),Set(Atom(play.twirl.sbt.SbtTwirl))), Clause(Atom(play.sbt.Play),Set(Atom(com.typesafe.sbt.jse.SbtJsTask))), Clause(Atom(play.sbt.PlayAkkaHttpServer),Set(Atom(play.sbt.Play))), Clause(Atom(play.sbt.PlayJava),Set(Atom(play.sbt.Play))), Clause(Atom(play.sbt.PlayLayoutPlugin),Set(Atom(play.sbt.Play))), Clause(Atom(play.sbt.PlayNettyServer),Set(Atom(play.sbt.Play))), Clause(Atom(play.sbt.PlayScala),Set(Atom(play.sbt.Play))), Clause(Atom(play.sbt.routes.RoutesCompiler),Set(Atom(sbt.plugins.JvmPlugin))), Clause(Atom(play.twirl.sbt.SbtTwirl),Set(Atom(sbt.plugins.JvmPlugin))), Clause(Atom(com.typesafe.sbt.packager.archetypes.AkkaAppPackaging),Set(Atom(com.typesafe.sbt.packager.archetypes.JavaAppPackaging))), Clause(Atom(com.typesafe.sbt.packager.archetypes.JavaAppPackaging),Set(Atom(com.typesafe.sbt.packager.windows.WindowsPlugin))), Clause(Atom(com.typesafe.sbt.packager.archetypes.JavaAppPackaging),Set(Atom(com.typesafe.sbt.packager.docker.DockerPlugin))), Clause(Atom(com.typesafe.sbt.packager.archetypes.JavaAppPackaging),Set(Atom(com.typesafe.sbt.packager.debian.DebianPlugin))), Clause(Atom(com.typesafe.sbt.packager.archetypes.JavaAppPackaging),Set(Atom(com.typesafe.sbt.packager.rpm.RpmPlugin))), Clause(Atom(com.typesafe.sbt.packager.archetypes.JavaServerAppPackaging),Set(Atom(com.typesafe.sbt.packager.archetypes.JavaAppPackaging))), Clause(Atom(com.typesafe.sbt.packager.archetypes.jar.ClasspathJarPlugin),Set(Atom(com.typesafe.sbt.packager.archetypes.JavaAppPackaging))), Clause(Atom(com.typesafe.sbt.packager.archetypes.jar.LauncherJarPlugin),Set(Atom(com.typesafe.sbt.packager.archetypes.JavaAppPackaging))), Clause(Atom(com.typesafe.sbt.packager.debian.DebianDeployPlugin),Set(Atom(com.typesafe.sbt.packager.debian.DebianPlugin))), Clause(Atom(com.typesafe.sbt.packager.debian.DebianPlugin),Set(Atom(com.typesafe.sbt.packager.linux.LinuxPlugin))), Clause(Atom(com.typesafe.sbt.packager.debian.JDebPackaging),Set(Atom(com.typesafe.sbt.packager.debian.DebianPlugin))), Clause(Atom(com.typesafe.sbt.packager.docker.DockerPlugin),Set(Atom(com.typesafe.sbt.packager.universal.UniversalPlugin))), Clause(Atom(com.typesafe.sbt.packager.jdkpackager.JDKPackagerDeployPlugin),Set(Atom(com.typesafe.sbt.packager.jdkpackager.JDKPackagerPlugin))), Clause(Atom(com.typesafe.sbt.packager.jdkpackager.JDKPackagerPlugin),Set(Atom(com.typesafe.sbt.packager.archetypes.JavaAppPackaging))), Clause(Atom(com.typesafe.sbt.packager.jdkpackager.JDKPackagerPlugin),Set(Atom(com.typesafe.sbt.packager.archetypes.jar.ClasspathJarPlugin))), Clause(Atom(com.typesafe.sbt.packager.linux.LinuxPlugin),Set(Atom(com.typesafe.sbt.packager.universal.UniversalPlugin))), Clause(Atom(com.typesafe.sbt.packager.rpm.RpmDeployPlugin),Set(Atom(com.typesafe.sbt.packager.rpm.RpmPlugin))), Clause(Atom(com.typesafe.sbt.packager.rpm.RpmPlugin),Set(Atom(com.typesafe.sbt.packager.linux.LinuxPlugin))), Clause(Atom(com.typesafe.sbt.packager.universal.UniversalDeployPlugin),Set(Atom(com.typesafe.sbt.packager.universal.UniversalPlugin))), Clause(Atom(com.typesafe.sbt.packager.universal.UniversalPlugin),Set(Atom(com.typesafe.sbt.SbtNativePackager))), Clause(Atom(com.typesafe.sbt.packager.windows.WindowsDeployPlugin),Set(Atom(com.typesafe.sbt.packager.windows.WindowsPlugin))), Clause(Atom(com.typesafe.sbt.packager.windows.WindowsPlugin),Set(Atom(com.typesafe.sbt.packager.universal.UniversalPlugin))), Clause(Atom(com.typesafe.sbt.web.SbtWeb),Set(Atom(sbt.plugins.JvmPlugin))), Clause(Atom(com.typesafe.sbt.jse.SbtJsEngine),Set(Atom(com.typesafe.sbt.web.SbtWeb))), Clause(Atom(com.typesafe.sbt.jse.SbtJsTask),Set(Atom(com.typesafe.sbt.jse.SbtJsEngine))), Clause(Atom(sbt.plugins.BackgroundRunPlugin),Set(Atom(sbt.plugins.JvmPlugin))), Clause(Atom(com.typesafe.sbt.coffeescript.SbtCoffeeScript),Set(Atom(com.typesafe.sbt.jse.SbtJsTask))), Clause(Atom(com.typesafe.sbt.less.SbtLess),Set(Atom(com.typesafe.sbt.jse.SbtJsTask))), Clause(Atom(com.typesafe.sbt.jshint.SbtJSHint),Set(Atom(com.typesafe.sbt.jse.SbtJsTask))), Clause(Atom(com.typesafe.sbt.rjs.SbtRjs),Set(Atom(com.typesafe.sbt.jse.SbtJsTask))), Clause(Atom(com.typesafe.sbt.digest.SbtDigest),Set(Atom(com.typesafe.sbt.web.SbtWeb))), Clause(Atom(com.typesafe.sbt.mocha.SbtMocha),Set(Atom(com.typesafe.sbt.jse.SbtJsTask))), Clause(Atom(sbt.plugins.CorePlugin),Set(Atom(sbt.plugins.IvyPlugin))), Clause(Atom(sbt.plugins.IvyPlugin),Set(Atom(sbt.plugins.JvmPlugin))), Clause(Atom(sbt.plugins.JvmPlugin),Set(Atom(sbt.plugins.JUnitXmlReportPlugin))), Clause(And(Set(Atom(sbt.plugins.BackgroundRunPlugin), Atom(play.sbt.Play), Atom(sbt.plugins.SerializersPlugin))),Set(Atom(play.sbt.forkrun.PlayForkRun))), Clause(Atom(play.sbt.Play),Set(Atom(play.sbt.PlayLayoutPlugin))), Clause(Atom(play.sbt.Play),Set(Atom(play.sbt.PlayNettyServer))), Clause(Atom(com.typesafe.sbt.web.SbtWeb),Set(Atom(com.typesafe.sbt.jse.SbtJsEngine))), Clause(Atom(com.typesafe.sbt.jse.SbtJsEngine),Set(Atom(com.typesafe.sbt.jse.SbtJsTask))), Clause(Atom(sbt.plugins.JvmPlugin),Set(Atom(sbt.plugins.BackgroundRunPlugin))), Clause(Atom(sbt.plugins.CorePlugin),Set(Atom(sbt.plugins.InteractionServicePlugin))), Clause(Atom(sbt.plugins.CorePlugin),Set(Atom(sbt.plugins.SendEventServicePlugin))), Clause(Atom(sbt.plugins.CorePlugin),Set(Atom(sbt.plugins.SerializersPlugin))), Clause(Atom(com.typesafe.sbt.jse.SbtJsTask),Set(Atom(com.typesafe.sbt.coffeescript.SbtCoffeeScript))), Clause(Atom(com.typesafe.sbt.jse.SbtJsTask),Set(Atom(com.typesafe.sbt.less.SbtLess))), Clause(Atom(com.typesafe.sbt.jse.SbtJsTask),Set(Atom(com.typesafe.sbt.jshint.SbtJSHint))), Clause(Atom(com.typesafe.sbt.jse.SbtJsTask),Set(Atom(com.typesafe.sbt.rjs.SbtRjs))), Clause(Atom(com.typesafe.sbt.web.SbtWeb),Set(Atom(com.typesafe.sbt.digest.SbtDigest))), Clause(Atom(com.typesafe.sbt.jse.SbtJsTask),Set(Atom(com.typesafe.sbt.mocha.SbtMocha)))))
  :: deduced result: Matched(sbt.plugins.CorePlugin,play.sbt.PlayScala,sbt.plugins.InteractionServicePlugin,sbt.plugins.SendEventServicePlugin,play.sbt.Play,sbt.plugins.SerializersPlugin,sbt.plugins.IvyPlugin,com.typesafe.sbt.packager.archetypes.JavaServerAppPackaging,play.twirl.sbt.SbtTwirl,sbt.plugins.JvmPlugin,play.sbt.PlayNettyServer,play.sbt.PlayLayoutPlugin,play.sbt.routes.RoutesCompiler,com.typesafe.sbt.jse.SbtJsTask,com.typesafe.sbt.jshint.SbtJSHint,com.typesafe.sbt.packager.archetypes.JavaAppPackaging,sbt.plugins.JUnitXmlReportPlugin,com.typesafe.sbt.mocha.SbtMocha,com.typesafe.sbt.less.SbtLess,com.typesafe.sbt.rjs.SbtRjs,com.typesafe.sbt.jse.SbtJsEngine,com.typesafe.sbt.coffeescript.SbtCoffeeScript,sbt.plugins.BackgroundRunPlugin,com.typesafe.sbt.packager.rpm.RpmPlugin,com.typesafe.sbt.packager.windows.WindowsPlugin,com.typesafe.sbt.web.SbtWeb,com.typesafe.sbt.packager.docker.DockerPlugin,play.sbt.forkrun.PlayForkRun,com.typesafe.sbt.packager.debian.DebianPlugin,com.typesafe.sbt.digest.SbtDigest,com.typesafe.sbt.packager.universal.UniversalPlugin,com.typesafe.sbt.packager.linux.LinuxPlugin,com.typesafe.sbt.SbtNativePackager)
sorting: ns: List(sbt.plugins.CorePlugin, play.sbt.PlayScala, sbt.plugins.InteractionServicePlugin, sbt.plugins.SendEventServicePlugin, play.sbt.Play, sbt.plugins.SerializersPlugin, sbt.plugins.IvyPlugin, com.typesafe.sbt.packager.archetypes.JavaServerAppPackaging, play.twirl.sbt.SbtTwirl, sbt.plugins.JvmPlugin, play.sbt.PlayNettyServer, play.sbt.PlayLayoutPlugin, play.sbt.routes.RoutesCompiler, com.typesafe.sbt.jse.SbtJsTask, com.typesafe.sbt.jshint.SbtJSHint, com.typesafe.sbt.packager.archetypes.JavaAppPackaging, sbt.plugins.JUnitXmlReportPlugin, com.typesafe.sbt.mocha.SbtMocha, com.typesafe.sbt.less.SbtLess, com.typesafe.sbt.rjs.SbtRjs, com.typesafe.sbt.jse.SbtJsEngine, com.typesafe.sbt.coffeescript.SbtCoffeeScript, sbt.plugins.BackgroundRunPlugin, com.typesafe.sbt.packager.rpm.RpmPlugin, com.typesafe.sbt.packager.windows.WindowsPlugin, com.typesafe.sbt.web.SbtWeb, com.typesafe.sbt.packager.docker.DockerPlugin, play.sbt.forkrun.PlayForkRun, com.typesafe.sbt.packager.debian.DebianPlugin, com.typesafe.sbt.digest.SbtDigest, com.typesafe.sbt.packager.universal.UniversalPlugin, com.typesafe.sbt.packager.linux.LinuxPlugin, com.typesafe.sbt.SbtNativePackager)
  :: sorting:: found: List(sbt.plugins.CorePlugin, com.typesafe.sbt.SbtNativePackager) not found List(play.sbt.PlayScala, sbt.plugins.InteractionServicePlugin, sbt.plugins.SendEventServicePlugin, play.sbt.Play, sbt.plugins.SerializersPlugin, sbt.plugins.IvyPlugin, com.typesafe.sbt.packager.archetypes.JavaServerAppPackaging, play.twirl.sbt.SbtTwirl, sbt.plugins.JvmPlugin, play.sbt.PlayNettyServer, play.sbt.PlayLayoutPlugin, play.sbt.routes.RoutesCompiler, com.typesafe.sbt.jse.SbtJsTask, com.typesafe.sbt.jshint.SbtJSHint, com.typesafe.sbt.packager.archetypes.JavaAppPackaging, sbt.plugins.JUnitXmlReportPlugin, com.typesafe.sbt.mocha.SbtMocha, com.typesafe.sbt.less.SbtLess, com.typesafe.sbt.rjs.SbtRjs, com.typesafe.sbt.jse.SbtJsEngine, com.typesafe.sbt.coffeescript.SbtCoffeeScript, sbt.plugins.BackgroundRunPlugin, com.typesafe.sbt.packager.rpm.RpmPlugin, com.typesafe.sbt.packager.windows.WindowsPlugin, com.typesafe.sbt.web.SbtWeb, com.typesafe.sbt.packager.docker.DockerPlugin, play.sbt.forkrun.PlayForkRun, com.typesafe.sbt.packager.debian.DebianPlugin, com.typesafe.sbt.digest.SbtDigest, com.typesafe.sbt.packager.universal.UniversalPlugin, com.typesafe.sbt.packager.linux.LinuxPlugin)
  :: sorting:: found: List(sbt.plugins.CorePlugin, com.typesafe.sbt.SbtNativePackager, sbt.plugins.InteractionServicePlugin, sbt.plugins.SendEventServicePlugin, sbt.plugins.SerializersPlugin, sbt.plugins.IvyPlugin, com.typesafe.sbt.packager.universal.UniversalPlugin) not found List(play.sbt.PlayScala, play.sbt.Play, com.typesafe.sbt.packager.archetypes.JavaServerAppPackaging, play.twirl.sbt.SbtTwirl, sbt.plugins.JvmPlugin, play.sbt.PlayNettyServer, play.sbt.PlayLayoutPlugin, play.sbt.routes.RoutesCompiler, com.typesafe.sbt.jse.SbtJsTask, com.typesafe.sbt.jshint.SbtJSHint, com.typesafe.sbt.packager.archetypes.JavaAppPackaging, sbt.plugins.JUnitXmlReportPlugin, com.typesafe.sbt.mocha.SbtMocha, com.typesafe.sbt.less.SbtLess, com.typesafe.sbt.rjs.SbtRjs, com.typesafe.sbt.jse.SbtJsEngine, com.typesafe.sbt.coffeescript.SbtCoffeeScript, sbt.plugins.BackgroundRunPlugin, com.typesafe.sbt.packager.rpm.RpmPlugin, com.typesafe.sbt.packager.windows.WindowsPlugin, com.typesafe.sbt.web.SbtWeb, com.typesafe.sbt.packager.docker.DockerPlugin, play.sbt.forkrun.PlayForkRun, com.typesafe.sbt.packager.debian.DebianPlugin, com.typesafe.sbt.digest.SbtDigest, com.typesafe.sbt.packager.linux.LinuxPlugin)
  :: sorting:: found: List(sbt.plugins.CorePlugin, com.typesafe.sbt.SbtNativePackager, sbt.plugins.InteractionServicePlugin, sbt.plugins.SendEventServicePlugin, sbt.plugins.SerializersPlugin, sbt.plugins.IvyPlugin, com.typesafe.sbt.packager.universal.UniversalPlugin, sbt.plugins.JvmPlugin, com.typesafe.sbt.packager.windows.WindowsPlugin, com.typesafe.sbt.packager.docker.DockerPlugin, com.typesafe.sbt.packager.linux.LinuxPlugin) not found List(play.sbt.PlayScala, play.sbt.Play, com.typesafe.sbt.packager.archetypes.JavaServerAppPackaging, play.twirl.sbt.SbtTwirl, play.sbt.PlayNettyServer, play.sbt.PlayLayoutPlugin, play.sbt.routes.RoutesCompiler, com.typesafe.sbt.jse.SbtJsTask, com.typesafe.sbt.jshint.SbtJSHint, com.typesafe.sbt.packager.archetypes.JavaAppPackaging, sbt.plugins.JUnitXmlReportPlugin, com.typesafe.sbt.mocha.SbtMocha, com.typesafe.sbt.less.SbtLess, com.typesafe.sbt.rjs.SbtRjs, com.typesafe.sbt.jse.SbtJsEngine, com.typesafe.sbt.coffeescript.SbtCoffeeScript, sbt.plugins.BackgroundRunPlugin, com.typesafe.sbt.packager.rpm.RpmPlugin, com.typesafe.sbt.web.SbtWeb, play.sbt.forkrun.PlayForkRun, com.typesafe.sbt.packager.debian.DebianPlugin, com.typesafe.sbt.digest.SbtDigest)
  :: sorting:: found: List(sbt.plugins.CorePlugin, com.typesafe.sbt.SbtNativePackager, sbt.plugins.InteractionServicePlugin, sbt.plugins.SendEventServicePlugin, sbt.plugins.SerializersPlugin, sbt.plugins.IvyPlugin, com.typesafe.sbt.packager.universal.UniversalPlugin, sbt.plugins.JvmPlugin, com.typesafe.sbt.packager.windows.WindowsPlugin, com.typesafe.sbt.packager.docker.DockerPlugin, com.typesafe.sbt.packager.linux.LinuxPlugin, play.twirl.sbt.SbtTwirl, play.sbt.routes.RoutesCompiler, sbt.plugins.JUnitXmlReportPlugin, sbt.plugins.BackgroundRunPlugin, com.typesafe.sbt.packager.rpm.RpmPlugin, com.typesafe.sbt.web.SbtWeb, com.typesafe.sbt.packager.debian.DebianPlugin) not found List(play.sbt.PlayScala, play.sbt.Play, com.typesafe.sbt.packager.archetypes.JavaServerAppPackaging, play.sbt.PlayNettyServer, play.sbt.PlayLayoutPlugin, com.typesafe.sbt.jse.SbtJsTask, com.typesafe.sbt.jshint.SbtJSHint, com.typesafe.sbt.packager.archetypes.JavaAppPackaging, com.typesafe.sbt.mocha.SbtMocha, com.typesafe.sbt.less.SbtLess, com.typesafe.sbt.rjs.SbtRjs, com.typesafe.sbt.jse.SbtJsEngine, com.typesafe.sbt.coffeescript.SbtCoffeeScript, play.sbt.forkrun.PlayForkRun, com.typesafe.sbt.digest.SbtDigest)
  :: sorting:: found: List(sbt.plugins.CorePlugin, com.typesafe.sbt.SbtNativePackager, sbt.plugins.InteractionServicePlugin, sbt.plugins.SendEventServicePlugin, sbt.plugins.SerializersPlugin, sbt.plugins.IvyPlugin, com.typesafe.sbt.packager.universal.UniversalPlugin, sbt.plugins.JvmPlugin, com.typesafe.sbt.packager.windows.WindowsPlugin, com.typesafe.sbt.packager.docker.DockerPlugin, com.typesafe.sbt.packager.linux.LinuxPlugin, play.twirl.sbt.SbtTwirl, play.sbt.routes.RoutesCompiler, sbt.plugins.JUnitXmlReportPlugin, sbt.plugins.BackgroundRunPlugin, com.typesafe.sbt.packager.rpm.RpmPlugin, com.typesafe.sbt.web.SbtWeb, com.typesafe.sbt.packager.debian.DebianPlugin, com.typesafe.sbt.packager.archetypes.JavaAppPackaging, com.typesafe.sbt.jse.SbtJsEngine, com.typesafe.sbt.digest.SbtDigest) not found List(play.sbt.PlayScala, play.sbt.Play, com.typesafe.sbt.packager.archetypes.JavaServerAppPackaging, play.sbt.PlayNettyServer, play.sbt.PlayLayoutPlugin, com.typesafe.sbt.jse.SbtJsTask, com.typesafe.sbt.jshint.SbtJSHint, com.typesafe.sbt.mocha.SbtMocha, com.typesafe.sbt.less.SbtLess, com.typesafe.sbt.rjs.SbtRjs, com.typesafe.sbt.coffeescript.SbtCoffeeScript, play.sbt.forkrun.PlayForkRun)
  :: sorting:: found: List(sbt.plugins.CorePlugin, com.typesafe.sbt.SbtNativePackager, sbt.plugins.InteractionServicePlugin, sbt.plugins.SendEventServicePlugin, sbt.plugins.SerializersPlugin, sbt.plugins.IvyPlugin, com.typesafe.sbt.packager.universal.UniversalPlugin, sbt.plugins.JvmPlugin, com.typesafe.sbt.packager.windows.WindowsPlugin, com.typesafe.sbt.packager.docker.DockerPlugin, com.typesafe.sbt.packager.linux.LinuxPlugin, play.twirl.sbt.SbtTwirl, play.sbt.routes.RoutesCompiler, sbt.plugins.JUnitXmlReportPlugin, sbt.plugins.BackgroundRunPlugin, com.typesafe.sbt.packager.rpm.RpmPlugin, com.typesafe.sbt.web.SbtWeb, com.typesafe.sbt.packager.debian.DebianPlugin, com.typesafe.sbt.packager.archetypes.JavaAppPackaging, com.typesafe.sbt.jse.SbtJsEngine, com.typesafe.sbt.digest.SbtDigest, com.typesafe.sbt.packager.archetypes.JavaServerAppPackaging, com.typesafe.sbt.jse.SbtJsTask) not found List(play.sbt.PlayScala, play.sbt.Play, play.sbt.PlayNettyServer, play.sbt.PlayLayoutPlugin, com.typesafe.sbt.jshint.SbtJSHint, com.typesafe.sbt.mocha.SbtMocha, com.typesafe.sbt.less.SbtLess, com.typesafe.sbt.rjs.SbtRjs, com.typesafe.sbt.coffeescript.SbtCoffeeScript, play.sbt.forkrun.PlayForkRun)
  :: sorting:: found: List(sbt.plugins.CorePlugin, com.typesafe.sbt.SbtNativePackager, sbt.plugins.InteractionServicePlugin, sbt.plugins.SendEventServicePlugin, sbt.plugins.SerializersPlugin, sbt.plugins.IvyPlugin, com.typesafe.sbt.packager.universal.UniversalPlugin, sbt.plugins.JvmPlugin, com.typesafe.sbt.packager.windows.WindowsPlugin, com.typesafe.sbt.packager.docker.DockerPlugin, com.typesafe.sbt.packager.linux.LinuxPlugin, play.twirl.sbt.SbtTwirl, play.sbt.routes.RoutesCompiler, sbt.plugins.JUnitXmlReportPlugin, sbt.plugins.BackgroundRunPlugin, com.typesafe.sbt.packager.rpm.RpmPlugin, com.typesafe.sbt.web.SbtWeb, com.typesafe.sbt.packager.debian.DebianPlugin, com.typesafe.sbt.packager.archetypes.JavaAppPackaging, com.typesafe.sbt.jse.SbtJsEngine, com.typesafe.sbt.digest.SbtDigest, com.typesafe.sbt.packager.archetypes.JavaServerAppPackaging, com.typesafe.sbt.jse.SbtJsTask, play.sbt.Play, com.typesafe.sbt.jshint.SbtJSHint, com.typesafe.sbt.mocha.SbtMocha, com.typesafe.sbt.less.SbtLess, com.typesafe.sbt.rjs.SbtRjs, com.typesafe.sbt.coffeescript.SbtCoffeeScript) not found List(play.sbt.PlayScala, play.sbt.PlayNettyServer, play.sbt.PlayLayoutPlugin, play.sbt.forkrun.PlayForkRun)
  :: sorting:: found: List(sbt.plugins.CorePlugin, com.typesafe.sbt.SbtNativePackager, sbt.plugins.InteractionServicePlugin, sbt.plugins.SendEventServicePlugin, sbt.plugins.SerializersPlugin, sbt.plugins.IvyPlugin, com.typesafe.sbt.packager.universal.UniversalPlugin, sbt.plugins.JvmPlugin, com.typesafe.sbt.packager.windows.WindowsPlugin, com.typesafe.sbt.packager.docker.DockerPlugin, com.typesafe.sbt.packager.linux.LinuxPlugin, play.twirl.sbt.SbtTwirl, play.sbt.routes.RoutesCompiler, sbt.plugins.JUnitXmlReportPlugin, sbt.plugins.BackgroundRunPlugin, com.typesafe.sbt.packager.rpm.RpmPlugin, com.typesafe.sbt.web.SbtWeb, com.typesafe.sbt.packager.debian.DebianPlugin, com.typesafe.sbt.packager.archetypes.JavaAppPackaging, com.typesafe.sbt.jse.SbtJsEngine, com.typesafe.sbt.digest.SbtDigest, com.typesafe.sbt.packager.archetypes.JavaServerAppPackaging, com.typesafe.sbt.jse.SbtJsTask, play.sbt.Play, com.typesafe.sbt.jshint.SbtJSHint, com.typesafe.sbt.mocha.SbtMocha, com.typesafe.sbt.less.SbtLess, com.typesafe.sbt.rjs.SbtRjs, com.typesafe.sbt.coffeescript.SbtCoffeeScript, play.sbt.PlayScala, play.sbt.PlayNettyServer, play.sbt.PlayLayoutPlugin, play.sbt.forkrun.PlayForkRun) not found List()
  :: sorted deduced result: List(sbt.plugins.CorePlugin, com.typesafe.sbt.SbtNativePackager, sbt.plugins.InteractionServicePlugin, sbt.plugins.SendEventServicePlugin, sbt.plugins.SerializersPlugin, sbt.plugins.IvyPlugin, com.typesafe.sbt.packager.universal.UniversalPlugin, sbt.plugins.JvmPlugin, com.typesafe.sbt.packager.windows.WindowsPlugin, com.typesafe.sbt.packager.docker.DockerPlugin, com.typesafe.sbt.packager.linux.LinuxPlugin, play.twirl.sbt.SbtTwirl, play.sbt.routes.RoutesCompiler, sbt.plugins.JUnitXmlReportPlugin, sbt.plugins.BackgroundRunPlugin, com.typesafe.sbt.packager.rpm.RpmPlugin, com.typesafe.sbt.web.SbtWeb, com.typesafe.sbt.packager.debian.DebianPlugin, com.typesafe.sbt.packager.archetypes.JavaAppPackaging, com.typesafe.sbt.jse.SbtJsEngine, com.typesafe.sbt.digest.SbtDigest, com.typesafe.sbt.packager.archetypes.JavaServerAppPackaging, com.typesafe.sbt.jse.SbtJsTask, play.sbt.Play, com.typesafe.sbt.jshint.SbtJSHint, com.typesafe.sbt.mocha.SbtMocha, com.typesafe.sbt.less.SbtLess, com.typesafe.sbt.rjs.SbtRjs, com.typesafe.sbt.coffeescript.SbtCoffeeScript, play.sbt.PlayScala, play.sbt.PlayNettyServer, play.sbt.PlayLayoutPlugin, play.sbt.forkrun.PlayForkRun)
[Loading] Done in C:\Users\jforster\workspace\play, returning: (root)
Set current project to play (in build file:/C:/Users/jforster/workspace/play/)
Reapplying settings...
Set current project to play (in build file:/C:/Users/jforster/workspace/play/)
> iflast shell
> server-send-ready-for-request
> server-handle-next-server-request
> {file:/C:/Users/jforster/workspace/play/}root/compile:discoveredMainClasses
Evaluating tasks: compile:discoveredMainClasses
Running task... Cancel: sbt.server.ServerTaskCancellation@74cc2926, check cycles: false

Initial source changes: 
	removed:Set()
	added: Set(C:\Users\jforster\workspace\play\target\scala-2.11\twirl\main\views\html\barcode.template.scala, C:\Users\jforster\workspace\play\app\controllers\Barcodes.scala, C:\Users\jforster\workspace\play\target\scala-2.11\twirl\main\views\html\details.template.scala)
	modified: Set(C:\Users\jforster\workspace\play\target\scala-2.11\routes\main\controllers\ReverseRoutes.scala, C:\Users\jforster\workspace\play\target\scala-2.11\routes\main\router\RoutesPrefix.scala, C:\Users\jforster\workspace\play\target\scala-2.11\routes\main\controllers\javascript\JavaScriptReverseRoutes.scala, C:\Users\jforster\workspace\play\target\scala-2.11\routes\main\router\Routes.scala, C:\Users\jforster\workspace\play\target\scala-2.11\routes\main\controllers\routes.java, C:\Users\jforster\workspace\play\app\controllers\Products.scala)
Removed products: Set(C:\Users\jforster\workspace\play\target\scala-2.11\classes\controllers\Application.class, C:\Users\jforster\workspace\play\target\scala-2.11\classes\controllers\Application$$anonfun$index$1.class, C:\Users\jforster\workspace\play\target\scala-2.11\classes\controllers\Application$$anonfun$hello$1.class, C:\Users\jforster\workspace\play\target\scala-2.11\classes\controllers\Products$$anonfun$list$1.class, C:\Users\jforster\workspace\play\target\scala-2.11\classes\models\Product$.class, C:\Users\jforster\workspace\play\target\scala-2.11\classes\controllers\Products.class, C:\Users\jforster\workspace\play\target\scala-2.11\classes\models\Product$$anonfun$findAll$1.class, C:\Users\jforster\workspace\play\target\scala-2.11\classes\models\Product$$anonfun$findByEan$1.class, C:\Users\jforster\workspace\play\target\scala-2.11\classes\models\Product.class)
External API changes: API Changes: Set()
Modified binary dependencies: Set()
Initial directly invalidated sources: Set(C:\Users\jforster\workspace\play\target\scala-2.11\routes\main\controllers\ReverseRoutes.scala, C:\Users\jforster\workspace\play\target\scala-2.11\twirl\main\views\html\barcode.template.scala, C:\Users\jforster\workspace\play\app\controllers\Barcodes.scala, C:\Users\jforster\workspace\play\target\scala-2.11\routes\main\router\RoutesPrefix.scala, C:\Users\jforster\workspace\play\target\scala-2.11\twirl\main\views\html\details.template.scala, C:\Users\jforster\workspace\play\target\scala-2.11\routes\main\controllers\javascript\JavaScriptReverseRoutes.scala, C:\Users\jforster\workspace\play\target\scala-2.11\routes\main\router\Routes.scala, C:\Users\jforster\workspace\play\target\scala-2.11\routes\main\controllers\routes.java, C:\Users\jforster\workspace\play\app\controllers\Products.scala)

Sources indirectly invalidated by:
	product: Set(C:\Users\jforster\workspace\play\app\controllers\Application.scala, C:\Users\jforster\workspace\play\app\controllers\Products.scala, C:\Users\jforster\workspace\play\app\models\Product.scala)
	binary dep: Set()
	external source: Set()
All initially invalidated sources: Set(C:\Users\jforster\workspace\play\target\scala-2.11\routes\main\controllers\ReverseRoutes.scala, C:\Users\jforster\workspace\play\target\scala-2.11\twirl\main\views\html\barcode.template.scala, C:\Users\jforster\workspace\play\app\models\Product.scala, C:\Users\jforster\workspace\play\app\controllers\Barcodes.scala, C:\Users\jforster\workspace\play\target\scala-2.11\routes\main\router\RoutesPrefix.scala, C:\Users\jforster\workspace\play\target\scala-2.11\twirl\main\views\html\details.template.scala, C:\Users\jforster\workspace\play\target\scala-2.11\routes\main\controllers\javascript\JavaScriptReverseRoutes.scala, C:\Users\jforster\workspace\play\app\controllers\Application.scala, C:\Users\jforster\workspace\play\target\scala-2.11\routes\main\router\Routes.scala, C:\Users\jforster\workspace\play\target\scala-2.11\routes\main\controllers\routes.java, C:\Users\jforster\workspace\play\app\controllers\Products.scala)

Recompiling all 15 sources: invalidated sources (11) exceeded 50.0% of all sources
Read from stdout: Compiling 14 Scala sources and 1 Java source to C:\Users\jforster\workspace\play\target\scala-2.11\classes...
Compiling 14 Scala sources and 1 Java source to C:\Users\jforster\workspace\play\target\scala-2.11\classes...
Getting compiler-interface from component compiler for Scala 2.11.6
Other repositories:
Default repositories:
Getting compiler-interface from component compiler for Scala 2.11.6
Other repositories:
Default repositories:
Running cached compiler 2252236f, interfacing (CompilerInterface) with Scala compiler version 2.11.6
Calling Scala compiler with arguments  (CompilerInterface):
	-deprecation
	-unchecked
	-encoding
	utf8
	-bootclasspath
	C:\Program Files\Java\jdk1.8.0_65\jre\lib\resources.jar;C:\Program Files\Java\jdk1.8.0_65\jre\lib\rt.jar;C:\Program Files\Java\jdk1.8.0_65\jre\lib\sunrsasign.jar;C:\Program Files\Java\jdk1.8.0_65\jre\lib\jsse.jar;C:\Program Files\Java\jdk1.8.0_65\jre\lib\jce.jar;C:\Program Files\Java\jdk1.8.0_65\jre\lib\charsets.jar;C:\Program Files\Java\jdk1.8.0_65\jre\lib\jfr.jar;C:\Program Files\Java\jdk1.8.0_65\jre\classes;C:\Users\jforster\.ivy2\cache\org.scala-lang\scala-library\jars\scala-library-2.11.6.jar
	-classpath
	C:\Users\jforster\workspace\play\target\scala-2.11\classes;C:\Users\jforster\.ivy2\cache\com.typesafe.play\twirl-api_2.11\jars\twirl-api_2.11-1.1.1.jar;C:\Users\jforster\.ivy2\cache\org.apache.commons\commons-lang3\jars\commons-lang3-3.4.jar;C:\Users\jforster\.ivy2\cache\org.scala-lang.modules\scala-xml_2.11\bundles\scala-xml_2.11-1.0.1.jar;C:\Users\jforster\.ivy2\cache\com.typesafe.play\play-server_2.11\jars\play-server_2.11-2.4.3.jar;C:\Users\jforster\.ivy2\cache\com.typesafe.play\play_2.11\jars\play_2.11-2.4.3.jar;C:\Users\jforster\.ivy2\cache\com.typesafe.play\build-link\jars\build-link-2.4.3.jar;C:\Users\jforster\.ivy2\cache\com.typesafe.play\play-exceptions\jars\play-exceptions-2.4.3.jar;C:\Users\jforster\.ivy2\cache\org.javassist\javassist\bundles\javassist-3.19.0-GA.jar;C:\Users\jforster\.ivy2\cache\com.typesafe.play\play-iteratees_2.11\jars\play-iteratees_2.11-2.4.3.jar;C:\Users\jforster\.ivy2\cache\org.scala-stm\scala-stm_2.11\jars\scala-stm_2.11-0.7.jar;C:\Users\jforster\.ivy2\cache\com.typesafe\config\bundles\config-1.3.0.jar;C:\Users\jforster\.ivy2\cache\com.typesafe.play\play-json_2.11\jars\play-json_2.11-2.4.3.jar;C:\Users\jforster\.ivy2\cache\com.typesafe.play\play-functional_2.11\jars\play-functional_2.11-2.4.3.jar;C:\Users\jforster\.ivy2\cache\com.typesafe.play\play-datacommons_2.11\jars\play-datacommons_2.11-2.4.3.jar;C:\Users\jforster\.ivy2\cache\joda-time\joda-time\jars\joda-time-2.8.1.jar;C:\Users\jforster\.ivy2\cache\org.joda\joda-convert\jars\joda-convert-1.7.jar;C:\Users\jforster\.ivy2\cache\org.scala-lang\scala-reflect\jars\scala-reflect-2.11.6.jar;C:\Users\jforster\.ivy2\cache\com.fasterxml.jackson.core\jackson-core\bundles\jackson-core-2.5.4.jar;C:\Users\jforster\.ivy2\cache\com.fasterxml.jackson.core\jackson-annotations\bundles\jackson-annotations-2.5.4.jar;C:\Users\jforster\.ivy2\cache\com.fasterxml.jackson.core\jackson-databind\bundles\jackson-databind-2.5.4.jar;C:\Users\jforster\.ivy2\cache\com.fasterxml.jackson.datatype\jackson-datatype-jdk8\bundles\jackson-datatype-jdk8-2.5.4.jar;C:\Users\jforster\.ivy2\cache\com.fasterxml.jackson.datatype\jackson-datatype-jsr310\bundles\jackson-datatype-jsr310-2.5.4.jar;C:\Users\jforster\.ivy2\cache\com.typesafe.play\play-netty-utils\jars\play-netty-utils-2.4.3.jar;C:\Users\jforster\.ivy2\cache\org.slf4j\slf4j-api\jars\slf4j-api-1.7.12.jar;C:\Users\jforster\.ivy2\cache\org.slf4j\jul-to-slf4j\jars\jul-to-slf4j-1.7.12.jar;C:\Users\jforster\.ivy2\cache\org.slf4j\jcl-over-slf4j\jars\jcl-over-slf4j-1.7.12.jar;C:\Users\jforster\.ivy2\cache\org.scala-lang.modules\scala-parser-combinators_2.11\bundles\scala-parser-combinators_2.11-1.0.1.jar;C:\Users\jforster\.ivy2\cache\ch.qos.logback\logback-core\jars\logback-core-1.1.3.jar;C:\Users\jforster\.ivy2\cache\ch.qos.logback\logback-classic\jars\logback-classic-1.1.3.jar;C:\Users\jforster\.ivy2\cache\com.typesafe.akka\akka-actor_2.11\jars\akka-actor_2.11-2.3.13.jar;C:\Users\jforster\.ivy2\cache\com.typesafe.akka\akka-slf4j_2.11\jars\akka-slf4j_2.11-2.3.13.jar;C:\Users\jforster\.ivy2\cache\commons-codec\commons-codec\jars\commons-codec-1.10.jar;C:\Users\jforster\.ivy2\cache\xerces\xercesImpl\jars\xercesImpl-2.11.0.jar;C:\Users\jforster\.ivy2\cache\xml-apis\xml-apis\jars\xml-apis-1.4.01.jar;C:\Users\jforster\.ivy2\cache\javax.transaction\jta\jars\jta-1.1.jar;C:\Users\jforster\.ivy2\cache\com.google.inject\guice\jars\guice-4.0.jar;C:\Users\jforster\.ivy2\cache\javax.inject\javax.inject\jars\javax.inject-1.jar;C:\Users\jforster\.ivy2\cache\aopalliance\aopalliance\jars\aopalliance-1.0.jar;C:\Users\jforster\.ivy2\cache\com.google.inject.extensions\guice-assistedinject\jars\guice-assistedinject-4.0.jar;C:\Users\jforster\.ivy2\cache\com.typesafe.play\play-netty-server_2.11\jars\play-netty-server_2.11-2.4.3.jar;C:\Users\jforster\.ivy2\cache\io.netty\netty\bundles\netty-3.10.4.Final.jar;C:\Users\jforster\.ivy2\cache\com.typesafe.netty\netty-http-pipelining\jars\netty-http-pipelining-1.1.4.jar;C:\Users\jforster\.ivy2\cache\com.typesafe.play\play-jdbc_2.11\jars\play-jdbc_2.11-2.4.3.jar;C:\Users\jforster\.ivy2\cache\com.typesafe.play\play-jdbc-api_2.11\jars\play-jdbc-api_2.11-2.4.3.jar;C:\Users\jforster\.ivy2\cache\com.jolbox\bonecp\bundles\bonecp-0.8.0.RELEASE.jar;C:\Users\jforster\.ivy2\cache\com.zaxxer\HikariCP\bundles\HikariCP-2.3.7.jar;C:\Users\jforster\.ivy2\cache\com.h2database\h2\jars\h2-1.4.187.jar;C:\Users\jforster\.ivy2\cache\tyrex\tyrex\jars\tyrex-1.0.1.jar;C:\Users\jforster\.ivy2\cache\com.typesafe.play\play-cache_2.11\jars\play-cache_2.11-2.4.3.jar;C:\Users\jforster\.ivy2\cache\net.sf.ehcache\ehcache-core\jars\ehcache-core-2.6.11.jar;C:\Users\jforster\.ivy2\cache\com.typesafe.play\play-ws_2.11\jars\play-ws_2.11-2.4.3.jar;C:\Users\jforster\.ivy2\cache\com.google.guava\guava\bundles\guava-18.0.jar;C:\Users\jforster\.ivy2\cache\com.ning\async-http-client\jars\async-http-client-1.9.21.jar;C:\Users\jforster\.ivy2\cache\oauth.signpost\signpost-core\jars\signpost-core-1.2.1.2.jar;C:\Users\jforster\.ivy2\cache\oauth.signpost\signpost-commonshttp4\jars\signpost-commonshttp4-1.2.1.2.jar;C:\Users\jforster\.ivy2\cache\org.apache.httpcomponents\httpcore\jars\httpcore-4.0.1.jar;C:\Users\jforster\.ivy2\cache\org.apache.httpcomponents\httpclient\jars\httpclient-4.0.1.jar;C:\Users\jforster\.ivy2\cache\commons-logging\commons-logging\jars\commons-logging-1.1.1.jar;C:\Users\jforster\.ivy2\cache\net.sf.barcode4j\barcode4j\jars\barcode4j-2.0.jar;C:\Users\jforster\.ivy2\cache\avalon-framework\avalon-framework-impl\jars\avalon-framework-impl-4.2.0.jar
Read from stdout: C:\Users\jforster\workspace\play\app\views\details.scala.html:6: not found: value tags
C:\Users\jforster\workspace\play\app\views\details.scala.html:6: not found: value tags
Read from stdout: 		@tags.barcode(product.ean)
		@tags.barcode(product.ean)
Read from stdout: 		      ^
		      ^
Read from stdout: one error found
one error found
Compilation failed (CompilerInterface)
Read from stdout: (compile:compileIncremental) Compilation failed
(compile:compileIncremental) Compilation failed
Total time: 4 s, completed 18-Nov-2015 12:27:54
> server-post-command-error-handler
> server-post-command-cleanup
> server-handle-next-server-request
> {file:/C:/Users/jforster/workspace/play/}root/compile:mainClass
Evaluating tasks: compile:mainClass
Running task... Cancel: sbt.server.ServerTaskCancellation@3fb835e2, check cycles: false
Total time: 0 s, completed 18-Nov-2015 12:27:54
> server-post-command-cleanup
> server-handle-next-server-request
> {file:/C:/Users/jforster/workspace/play/}root/compile:discoveredMainClasses
Evaluating tasks: compile:discoveredMainClasses
Running task... Cancel: sbt.server.ServerTaskCancellation@76bc44db, check cycles: false

Initial source changes: 
	removed:Set()
	added: Set(C:\Users\jforster\workspace\play\target\scala-2.11\twirl\main\views\html\barcode.template.scala, C:\Users\jforster\workspace\play\app\controllers\Barcodes.scala, C:\Users\jforster\workspace\play\target\scala-2.11\twirl\main\views\html\details.template.scala)
	modified: Set(C:\Users\jforster\workspace\play\target\scala-2.11\routes\main\controllers\ReverseRoutes.scala, C:\Users\jforster\workspace\play\target\scala-2.11\routes\main\router\RoutesPrefix.scala, C:\Users\jforster\workspace\play\target\scala-2.11\routes\main\controllers\javascript\JavaScriptReverseRoutes.scala, C:\Users\jforster\workspace\play\target\scala-2.11\routes\main\router\Routes.scala, C:\Users\jforster\workspace\play\target\scala-2.11\routes\main\controllers\routes.java, C:\Users\jforster\workspace\play\app\controllers\Products.scala)
Removed products: Set(C:\Users\jforster\workspace\play\target\scala-2.11\classes\controllers\Application.class, C:\Users\jforster\workspace\play\target\scala-2.11\classes\controllers\Application$$anonfun$index$1.class, C:\Users\jforster\workspace\play\target\scala-2.11\classes\controllers\Application$$anonfun$hello$1.class, C:\Users\jforster\workspace\play\target\scala-2.11\classes\controllers\Products$$anonfun$list$1.class, C:\Users\jforster\workspace\play\target\scala-2.11\classes\models\Product$.class, C:\Users\jforster\workspace\play\target\scala-2.11\classes\controllers\Products.class, C:\Users\jforster\workspace\play\target\scala-2.11\classes\models\Product$$anonfun$findAll$1.class, C:\Users\jforster\workspace\play\target\scala-2.11\classes\models\Product$$anonfun$findByEan$1.class, C:\Users\jforster\workspace\play\target\scala-2.11\classes\models\Product.class)
External API changes: API Changes: Set()
Modified binary dependencies: Set()
Initial directly invalidated sources: Set(C:\Users\jforster\workspace\play\target\scala-2.11\routes\main\controllers\ReverseRoutes.scala, C:\Users\jforster\workspace\play\target\scala-2.11\twirl\main\views\html\barcode.template.scala, C:\Users\jforster\workspace\play\app\controllers\Barcodes.scala, C:\Users\jforster\workspace\play\target\scala-2.11\routes\main\router\RoutesPrefix.scala, C:\Users\jforster\workspace\play\target\scala-2.11\twirl\main\views\html\details.template.scala, C:\Users\jforster\workspace\play\target\scala-2.11\routes\main\controllers\javascript\JavaScriptReverseRoutes.scala, C:\Users\jforster\workspace\play\target\scala-2.11\routes\main\router\Routes.scala, C:\Users\jforster\workspace\play\target\scala-2.11\routes\main\controllers\routes.java, C:\Users\jforster\workspace\play\app\controllers\Products.scala)

Sources indirectly invalidated by:
	product: Set(C:\Users\jforster\workspace\play\app\controllers\Application.scala, C:\Users\jforster\workspace\play\app\controllers\Products.scala, C:\Users\jforster\workspace\play\app\models\Product.scala)
	binary dep: Set()
	external source: Set()
All initially invalidated sources: Set(C:\Users\jforster\workspace\play\target\scala-2.11\routes\main\controllers\ReverseRoutes.scala, C:\Users\jforster\workspace\play\target\scala-2.11\twirl\main\views\html\barcode.template.scala, C:\Users\jforster\workspace\play\app\models\Product.scala, C:\Users\jforster\workspace\play\app\controllers\Barcodes.scala, C:\Users\jforster\workspace\play\target\scala-2.11\routes\main\router\RoutesPrefix.scala, C:\Users\jforster\workspace\play\target\scala-2.11\twirl\main\views\html\details.template.scala, C:\Users\jforster\workspace\play\target\scala-2.11\routes\main\controllers\javascript\JavaScriptReverseRoutes.scala, C:\Users\jforster\workspace\play\app\controllers\Application.scala, C:\Users\jforster\workspace\play\target\scala-2.11\routes\main\router\Routes.scala, C:\Users\jforster\workspace\play\target\scala-2.11\routes\main\controllers\routes.java, C:\Users\jforster\workspace\play\app\controllers\Products.scala)

Recompiling all 15 sources: invalidated sources (11) exceeded 50.0% of all sources
Read from stdout: Compiling 14 Scala sources and 1 Java source to C:\Users\jforster\workspace\play\target\scala-2.11\classes...
Compiling 14 Scala sources and 1 Java source to C:\Users\jforster\workspace\play\target\scala-2.11\classes...
Getting compiler-interface from component compiler for Scala 2.11.6
Other repositories:
Default repositories:
Getting compiler-interface from component compiler for Scala 2.11.6
Other repositories:
Default repositories:
Running cached compiler 1dfb40c4, interfacing (CompilerInterface) with Scala compiler version 2.11.6
Calling Scala compiler with arguments  (CompilerInterface):
	-deprecation
	-unchecked
	-encoding
	utf8
	-bootclasspath
	C:\Program Files\Java\jdk1.8.0_65\jre\lib\resources.jar;C:\Program Files\Java\jdk1.8.0_65\jre\lib\rt.jar;C:\Program Files\Java\jdk1.8.0_65\jre\lib\sunrsasign.jar;C:\Program Files\Java\jdk1.8.0_65\jre\lib\jsse.jar;C:\Program Files\Java\jdk1.8.0_65\jre\lib\jce.jar;C:\Program Files\Java\jdk1.8.0_65\jre\lib\charsets.jar;C:\Program Files\Java\jdk1.8.0_65\jre\lib\jfr.jar;C:\Program Files\Java\jdk1.8.0_65\jre\classes;C:\Users\jforster\.ivy2\cache\org.scala-lang\scala-library\jars\scala-library-2.11.6.jar
	-classpath
	C:\Users\jforster\workspace\play\target\scala-2.11\classes;C:\Users\jforster\.ivy2\cache\com.typesafe.play\twirl-api_2.11\jars\twirl-api_2.11-1.1.1.jar;C:\Users\jforster\.ivy2\cache\org.apache.commons\commons-lang3\jars\commons-lang3-3.4.jar;C:\Users\jforster\.ivy2\cache\org.scala-lang.modules\scala-xml_2.11\bundles\scala-xml_2.11-1.0.1.jar;C:\Users\jforster\.ivy2\cache\com.typesafe.play\play-server_2.11\jars\play-server_2.11-2.4.3.jar;C:\Users\jforster\.ivy2\cache\com.typesafe.play\play_2.11\jars\play_2.11-2.4.3.jar;C:\Users\jforster\.ivy2\cache\com.typesafe.play\build-link\jars\build-link-2.4.3.jar;C:\Users\jforster\.ivy2\cache\com.typesafe.play\play-exceptions\jars\play-exceptions-2.4.3.jar;C:\Users\jforster\.ivy2\cache\org.javassist\javassist\bundles\javassist-3.19.0-GA.jar;C:\Users\jforster\.ivy2\cache\com.typesafe.play\play-iteratees_2.11\jars\play-iteratees_2.11-2.4.3.jar;C:\Users\jforster\.ivy2\cache\org.scala-stm\scala-stm_2.11\jars\scala-stm_2.11-0.7.jar;C:\Users\jforster\.ivy2\cache\com.typesafe\config\bundles\config-1.3.0.jar;C:\Users\jforster\.ivy2\cache\com.typesafe.play\play-json_2.11\jars\play-json_2.11-2.4.3.jar;C:\Users\jforster\.ivy2\cache\com.typesafe.play\play-functional_2.11\jars\play-functional_2.11-2.4.3.jar;C:\Users\jforster\.ivy2\cache\com.typesafe.play\play-datacommons_2.11\jars\play-datacommons_2.11-2.4.3.jar;C:\Users\jforster\.ivy2\cache\joda-time\joda-time\jars\joda-time-2.8.1.jar;C:\Users\jforster\.ivy2\cache\org.joda\joda-convert\jars\joda-convert-1.7.jar;C:\Users\jforster\.ivy2\cache\org.scala-lang\scala-reflect\jars\scala-reflect-2.11.6.jar;C:\Users\jforster\.ivy2\cache\com.fasterxml.jackson.core\jackson-core\bundles\jackson-core-2.5.4.jar;C:\Users\jforster\.ivy2\cache\com.fasterxml.jackson.core\jackson-annotations\bundles\jackson-annotations-2.5.4.jar;C:\Users\jforster\.ivy2\cache\com.fasterxml.jackson.core\jackson-databind\bundles\jackson-databind-2.5.4.jar;C:\Users\jforster\.ivy2\cache\com.fasterxml.jackson.datatype\jackson-datatype-jdk8\bundles\jackson-datatype-jdk8-2.5.4.jar;C:\Users\jforster\.ivy2\cache\com.fasterxml.jackson.datatype\jackson-datatype-jsr310\bundles\jackson-datatype-jsr310-2.5.4.jar;C:\Users\jforster\.ivy2\cache\com.typesafe.play\play-netty-utils\jars\play-netty-utils-2.4.3.jar;C:\Users\jforster\.ivy2\cache\org.slf4j\slf4j-api\jars\slf4j-api-1.7.12.jar;C:\Users\jforster\.ivy2\cache\org.slf4j\jul-to-slf4j\jars\jul-to-slf4j-1.7.12.jar;C:\Users\jforster\.ivy2\cache\org.slf4j\jcl-over-slf4j\jars\jcl-over-slf4j-1.7.12.jar;C:\Users\jforster\.ivy2\cache\org.scala-lang.modules\scala-parser-combinators_2.11\bundles\scala-parser-combinators_2.11-1.0.1.jar;C:\Users\jforster\.ivy2\cache\ch.qos.logback\logback-core\jars\logback-core-1.1.3.jar;C:\Users\jforster\.ivy2\cache\ch.qos.logback\logback-classic\jars\logback-classic-1.1.3.jar;C:\Users\jforster\.ivy2\cache\com.typesafe.akka\akka-actor_2.11\jars\akka-actor_2.11-2.3.13.jar;C:\Users\jforster\.ivy2\cache\com.typesafe.akka\akka-slf4j_2.11\jars\akka-slf4j_2.11-2.3.13.jar;C:\Users\jforster\.ivy2\cache\commons-codec\commons-codec\jars\commons-codec-1.10.jar;C:\Users\jforster\.ivy2\cache\xerces\xercesImpl\jars\xercesImpl-2.11.0.jar;C:\Users\jforster\.ivy2\cache\xml-apis\xml-apis\jars\xml-apis-1.4.01.jar;C:\Users\jforster\.ivy2\cache\javax.transaction\jta\jars\jta-1.1.jar;C:\Users\jforster\.ivy2\cache\com.google.inject\guice\jars\guice-4.0.jar;C:\Users\jforster\.ivy2\cache\javax.inject\javax.inject\jars\javax.inject-1.jar;C:\Users\jforster\.ivy2\cache\aopalliance\aopalliance\jars\aopalliance-1.0.jar;C:\Users\jforster\.ivy2\cache\com.google.inject.extensions\guice-assistedinject\jars\guice-assistedinject-4.0.jar;C:\Users\jforster\.ivy2\cache\com.typesafe.play\play-netty-server_2.11\jars\play-netty-server_2.11-2.4.3.jar;C:\Users\jforster\.ivy2\cache\io.netty\netty\bundles\netty-3.10.4.Final.jar;C:\Users\jforster\.ivy2\cache\com.typesafe.netty\netty-http-pipelining\jars\netty-http-pipelining-1.1.4.jar;C:\Users\jforster\.ivy2\cache\com.typesafe.play\play-jdbc_2.11\jars\play-jdbc_2.11-2.4.3.jar;C:\Users\jforster\.ivy2\cache\com.typesafe.play\play-jdbc-api_2.11\jars\play-jdbc-api_2.11-2.4.3.jar;C:\Users\jforster\.ivy2\cache\com.jolbox\bonecp\bundles\bonecp-0.8.0.RELEASE.jar;C:\Users\jforster\.ivy2\cache\com.zaxxer\HikariCP\bundles\HikariCP-2.3.7.jar;C:\Users\jforster\.ivy2\cache\com.h2database\h2\jars\h2-1.4.187.jar;C:\Users\jforster\.ivy2\cache\tyrex\tyrex\jars\tyrex-1.0.1.jar;C:\Users\jforster\.ivy2\cache\com.typesafe.play\play-cache_2.11\jars\play-cache_2.11-2.4.3.jar;C:\Users\jforster\.ivy2\cache\net.sf.ehcache\ehcache-core\jars\ehcache-core-2.6.11.jar;C:\Users\jforster\.ivy2\cache\com.typesafe.play\play-ws_2.11\jars\play-ws_2.11-2.4.3.jar;C:\Users\jforster\.ivy2\cache\com.google.guava\guava\bundles\guava-18.0.jar;C:\Users\jforster\.ivy2\cache\com.ning\async-http-client\jars\async-http-client-1.9.21.jar;C:\Users\jforster\.ivy2\cache\oauth.signpost\signpost-core\jars\signpost-core-1.2.1.2.jar;C:\Users\jforster\.ivy2\cache\oauth.signpost\signpost-commonshttp4\jars\signpost-commonshttp4-1.2.1.2.jar;C:\Users\jforster\.ivy2\cache\org.apache.httpcomponents\httpcore\jars\httpcore-4.0.1.jar;C:\Users\jforster\.ivy2\cache\org.apache.httpcomponents\httpclient\jars\httpclient-4.0.1.jar;C:\Users\jforster\.ivy2\cache\commons-logging\commons-logging\jars\commons-logging-1.1.1.jar;C:\Users\jforster\.ivy2\cache\net.sf.barcode4j\barcode4j\jars\barcode4j-2.0.jar;C:\Users\jforster\.ivy2\cache\avalon-framework\avalon-framework-impl\jars\avalon-framework-impl-4.2.0.jar
Read from stdout: C:\Users\jforster\workspace\play\app\views\details.scala.html:6: not found: value tags
C:\Users\jforster\workspace\play\app\views\details.scala.html:6: not found: value tags
Read from stdout: 		@tags.barcode(product.ean)
		@tags.barcode(product.ean)
Read from stdout: 		      ^
		      ^
Read from stdout: one error found
one error found
Compilation failed (CompilerInterface)
Read from stdout: (compile:compileIncremental) Compilation failed
(compile:compileIncremental) Compilation failed
Total time: 2 s, completed 18-Nov-2015 12:27:56
> server-post-command-error-handler
> server-post-command-cleanup
> server-handle-next-server-request
> {file:/C:/Users/jforster/workspace/play/}root/compile:discoveredMainClasses
Evaluating tasks: compile:discoveredMainClasses
Running task... Cancel: sbt.server.ServerTaskCancellation@3919000b, check cycles: false

Initial source changes: 
	removed:Set()
	added: Set(C:\Users\jforster\workspace\play\target\scala-2.11\twirl\main\views\html\barcode.template.scala, C:\Users\jforster\workspace\play\app\controllers\Barcodes.scala, C:\Users\jforster\workspace\play\target\scala-2.11\twirl\main\views\html\details.template.scala)
	modified: Set(C:\Users\jforster\workspace\play\target\scala-2.11\routes\main\controllers\ReverseRoutes.scala, C:\Users\jforster\workspace\play\target\scala-2.11\routes\main\router\RoutesPrefix.scala, C:\Users\jforster\workspace\play\target\scala-2.11\routes\main\controllers\javascript\JavaScriptReverseRoutes.scala, C:\Users\jforster\workspace\play\target\scala-2.11\routes\main\router\Routes.scala, C:\Users\jforster\workspace\play\target\scala-2.11\routes\main\controllers\routes.java, C:\Users\jforster\workspace\play\app\controllers\Products.scala)
Removed products: Set(C:\Users\jforster\workspace\play\target\scala-2.11\classes\controllers\Application.class, C:\Users\jforster\workspace\play\target\scala-2.11\classes\controllers\Application$$anonfun$index$1.class, C:\Users\jforster\workspace\play\target\scala-2.11\classes\controllers\Application$$anonfun$hello$1.class, C:\Users\jforster\workspace\play\target\scala-2.11\classes\controllers\Products$$anonfun$list$1.class, C:\Users\jforster\workspace\play\target\scala-2.11\classes\models\Product$.class, C:\Users\jforster\workspace\play\target\scala-2.11\classes\controllers\Products.class, C:\Users\jforster\workspace\play\target\scala-2.11\classes\models\Product$$anonfun$findAll$1.class, C:\Users\jforster\workspace\play\target\scala-2.11\classes\models\Product$$anonfun$findByEan$1.class, C:\Users\jforster\workspace\play\target\scala-2.11\classes\models\Product.class)
External API changes: API Changes: Set()
Modified binary dependencies: Set()
Initial directly invalidated sources: Set(C:\Users\jforster\workspace\play\target\scala-2.11\routes\main\controllers\ReverseRoutes.scala, C:\Users\jforster\workspace\play\target\scala-2.11\twirl\main\views\html\barcode.template.scala, C:\Users\jforster\workspace\play\app\controllers\Barcodes.scala, C:\Users\jforster\workspace\play\target\scala-2.11\routes\main\router\RoutesPrefix.scala, C:\Users\jforster\workspace\play\target\scala-2.11\twirl\main\views\html\details.template.scala, C:\Users\jforster\workspace\play\target\scala-2.11\routes\main\controllers\javascript\JavaScriptReverseRoutes.scala, C:\Users\jforster\workspace\play\target\scala-2.11\routes\main\router\Routes.scala, C:\Users\jforster\workspace\play\target\scala-2.11\routes\main\controllers\routes.java, C:\Users\jforster\workspace\play\app\controllers\Products.scala)

Sources indirectly invalidated by:
	product: Set(C:\Users\jforster\workspace\play\app\controllers\Application.scala, C:\Users\jforster\workspace\play\app\controllers\Products.scala, C:\Users\jforster\workspace\play\app\models\Product.scala)
	binary dep: Set()
	external source: Set()
All initially invalidated sources: Set(C:\Users\jforster\workspace\play\target\scala-2.11\routes\main\controllers\ReverseRoutes.scala, C:\Users\jforster\workspace\play\target\scala-2.11\twirl\main\views\html\barcode.template.scala, C:\Users\jforster\workspace\play\app\models\Product.scala, C:\Users\jforster\workspace\play\app\controllers\Barcodes.scala, C:\Users\jforster\workspace\play\target\scala-2.11\routes\main\router\RoutesPrefix.scala, C:\Users\jforster\workspace\play\target\scala-2.11\twirl\main\views\html\details.template.scala, C:\Users\jforster\workspace\play\target\scala-2.11\routes\main\controllers\javascript\JavaScriptReverseRoutes.scala, C:\Users\jforster\workspace\play\app\controllers\Application.scala, C:\Users\jforster\workspace\play\target\scala-2.11\routes\main\router\Routes.scala, C:\Users\jforster\workspace\play\target\scala-2.11\routes\main\controllers\routes.java, C:\Users\jforster\workspace\play\app\controllers\Products.scala)

Recompiling all 15 sources: invalidated sources (11) exceeded 50.0% of all sources
Read from stdout: Compiling 14 Scala sources and 1 Java source to C:\Users\jforster\workspace\play\target\scala-2.11\classes...
Compiling 14 Scala sources and 1 Java source to C:\Users\jforster\workspace\play\target\scala-2.11\classes...
Getting compiler-interface from component compiler for Scala 2.11.6
Other repositories:
Default repositories:
Getting compiler-interface from component compiler for Scala 2.11.6
Other repositories:
Default repositories:
Running cached compiler 20bf45a6, interfacing (CompilerInterface) with Scala compiler version 2.11.6
Calling Scala compiler with arguments  (CompilerInterface):
	-deprecation
	-unchecked
	-encoding
	utf8
	-bootclasspath
	C:\Program Files\Java\jdk1.8.0_65\jre\lib\resources.jar;C:\Program Files\Java\jdk1.8.0_65\jre\lib\rt.jar;C:\Program Files\Java\jdk1.8.0_65\jre\lib\sunrsasign.jar;C:\Program Files\Java\jdk1.8.0_65\jre\lib\jsse.jar;C:\Program Files\Java\jdk1.8.0_65\jre\lib\jce.jar;C:\Program Files\Java\jdk1.8.0_65\jre\lib\charsets.jar;C:\Program Files\Java\jdk1.8.0_65\jre\lib\jfr.jar;C:\Program Files\Java\jdk1.8.0_65\jre\classes;C:\Users\jforster\.ivy2\cache\org.scala-lang\scala-library\jars\scala-library-2.11.6.jar
	-classpath
	C:\Users\jforster\workspace\play\target\scala-2.11\classes;C:\Users\jforster\.ivy2\cache\com.typesafe.play\twirl-api_2.11\jars\twirl-api_2.11-1.1.1.jar;C:\Users\jforster\.ivy2\cache\org.apache.commons\commons-lang3\jars\commons-lang3-3.4.jar;C:\Users\jforster\.ivy2\cache\org.scala-lang.modules\scala-xml_2.11\bundles\scala-xml_2.11-1.0.1.jar;C:\Users\jforster\.ivy2\cache\com.typesafe.play\play-server_2.11\jars\play-server_2.11-2.4.3.jar;C:\Users\jforster\.ivy2\cache\com.typesafe.play\play_2.11\jars\play_2.11-2.4.3.jar;C:\Users\jforster\.ivy2\cache\com.typesafe.play\build-link\jars\build-link-2.4.3.jar;C:\Users\jforster\.ivy2\cache\com.typesafe.play\play-exceptions\jars\play-exceptions-2.4.3.jar;C:\Users\jforster\.ivy2\cache\org.javassist\javassist\bundles\javassist-3.19.0-GA.jar;C:\Users\jforster\.ivy2\cache\com.typesafe.play\play-iteratees_2.11\jars\play-iteratees_2.11-2.4.3.jar;C:\Users\jforster\.ivy2\cache\org.scala-stm\scala-stm_2.11\jars\scala-stm_2.11-0.7.jar;C:\Users\jforster\.ivy2\cache\com.typesafe\config\bundles\config-1.3.0.jar;C:\Users\jforster\.ivy2\cache\com.typesafe.play\play-json_2.11\jars\play-json_2.11-2.4.3.jar;C:\Users\jforster\.ivy2\cache\com.typesafe.play\play-functional_2.11\jars\play-functional_2.11-2.4.3.jar;C:\Users\jforster\.ivy2\cache\com.typesafe.play\play-datacommons_2.11\jars\play-datacommons_2.11-2.4.3.jar;C:\Users\jforster\.ivy2\cache\joda-time\joda-time\jars\joda-time-2.8.1.jar;C:\Users\jforster\.ivy2\cache\org.joda\joda-convert\jars\joda-convert-1.7.jar;C:\Users\jforster\.ivy2\cache\org.scala-lang\scala-reflect\jars\scala-reflect-2.11.6.jar;C:\Users\jforster\.ivy2\cache\com.fasterxml.jackson.core\jackson-core\bundles\jackson-core-2.5.4.jar;C:\Users\jforster\.ivy2\cache\com.fasterxml.jackson.core\jackson-annotations\bundles\jackson-annotations-2.5.4.jar;C:\Users\jforster\.ivy2\cache\com.fasterxml.jackson.core\jackson-databind\bundles\jackson-databind-2.5.4.jar;C:\Users\jforster\.ivy2\cache\com.fasterxml.jackson.datatype\jackson-datatype-jdk8\bundles\jackson-datatype-jdk8-2.5.4.jar;C:\Users\jforster\.ivy2\cache\com.fasterxml.jackson.datatype\jackson-datatype-jsr310\bundles\jackson-datatype-jsr310-2.5.4.jar;C:\Users\jforster\.ivy2\cache\com.typesafe.play\play-netty-utils\jars\play-netty-utils-2.4.3.jar;C:\Users\jforster\.ivy2\cache\org.slf4j\slf4j-api\jars\slf4j-api-1.7.12.jar;C:\Users\jforster\.ivy2\cache\org.slf4j\jul-to-slf4j\jars\jul-to-slf4j-1.7.12.jar;C:\Users\jforster\.ivy2\cache\org.slf4j\jcl-over-slf4j\jars\jcl-over-slf4j-1.7.12.jar;C:\Users\jforster\.ivy2\cache\org.scala-lang.modules\scala-parser-combinators_2.11\bundles\scala-parser-combinators_2.11-1.0.1.jar;C:\Users\jforster\.ivy2\cache\ch.qos.logback\logback-core\jars\logback-core-1.1.3.jar;C:\Users\jforster\.ivy2\cache\ch.qos.logback\logback-classic\jars\logback-classic-1.1.3.jar;C:\Users\jforster\.ivy2\cache\com.typesafe.akka\akka-actor_2.11\jars\akka-actor_2.11-2.3.13.jar;C:\Users\jforster\.ivy2\cache\com.typesafe.akka\akka-slf4j_2.11\jars\akka-slf4j_2.11-2.3.13.jar;C:\Users\jforster\.ivy2\cache\commons-codec\commons-codec\jars\commons-codec-1.10.jar;C:\Users\jforster\.ivy2\cache\xerces\xercesImpl\jars\xercesImpl-2.11.0.jar;C:\Users\jforster\.ivy2\cache\xml-apis\xml-apis\jars\xml-apis-1.4.01.jar;C:\Users\jforster\.ivy2\cache\javax.transaction\jta\jars\jta-1.1.jar;C:\Users\jforster\.ivy2\cache\com.google.inject\guice\jars\guice-4.0.jar;C:\Users\jforster\.ivy2\cache\javax.inject\javax.inject\jars\javax.inject-1.jar;C:\Users\jforster\.ivy2\cache\aopalliance\aopalliance\jars\aopalliance-1.0.jar;C:\Users\jforster\.ivy2\cache\com.google.inject.extensions\guice-assistedinject\jars\guice-assistedinject-4.0.jar;C:\Users\jforster\.ivy2\cache\com.typesafe.play\play-netty-server_2.11\jars\play-netty-server_2.11-2.4.3.jar;C:\Users\jforster\.ivy2\cache\io.netty\netty\bundles\netty-3.10.4.Final.jar;C:\Users\jforster\.ivy2\cache\com.typesafe.netty\netty-http-pipelining\jars\netty-http-pipelining-1.1.4.jar;C:\Users\jforster\.ivy2\cache\com.typesafe.play\play-jdbc_2.11\jars\play-jdbc_2.11-2.4.3.jar;C:\Users\jforster\.ivy2\cache\com.typesafe.play\play-jdbc-api_2.11\jars\play-jdbc-api_2.11-2.4.3.jar;C:\Users\jforster\.ivy2\cache\com.jolbox\bonecp\bundles\bonecp-0.8.0.RELEASE.jar;C:\Users\jforster\.ivy2\cache\com.zaxxer\HikariCP\bundles\HikariCP-2.3.7.jar;C:\Users\jforster\.ivy2\cache\com.h2database\h2\jars\h2-1.4.187.jar;C:\Users\jforster\.ivy2\cache\tyrex\tyrex\jars\tyrex-1.0.1.jar;C:\Users\jforster\.ivy2\cache\com.typesafe.play\play-cache_2.11\jars\play-cache_2.11-2.4.3.jar;C:\Users\jforster\.ivy2\cache\net.sf.ehcache\ehcache-core\jars\ehcache-core-2.6.11.jar;C:\Users\jforster\.ivy2\cache\com.typesafe.play\play-ws_2.11\jars\play-ws_2.11-2.4.3.jar;C:\Users\jforster\.ivy2\cache\com.google.guava\guava\bundles\guava-18.0.jar;C:\Users\jforster\.ivy2\cache\com.ning\async-http-client\jars\async-http-client-1.9.21.jar;C:\Users\jforster\.ivy2\cache\oauth.signpost\signpost-core\jars\signpost-core-1.2.1.2.jar;C:\Users\jforster\.ivy2\cache\oauth.signpost\signpost-commonshttp4\jars\signpost-commonshttp4-1.2.1.2.jar;C:\Users\jforster\.ivy2\cache\org.apache.httpcomponents\httpcore\jars\httpcore-4.0.1.jar;C:\Users\jforster\.ivy2\cache\org.apache.httpcomponents\httpclient\jars\httpclient-4.0.1.jar;C:\Users\jforster\.ivy2\cache\commons-logging\commons-logging\jars\commons-logging-1.1.1.jar;C:\Users\jforster\.ivy2\cache\net.sf.barcode4j\barcode4j\jars\barcode4j-2.0.jar;C:\Users\jforster\.ivy2\cache\avalon-framework\avalon-framework-impl\jars\avalon-framework-impl-4.2.0.jar
Read from stdout: C:\Users\jforster\workspace\play\app\views\details.scala.html:6: not found: value tags
C:\Users\jforster\workspace\play\app\views\details.scala.html:6: not found: value tags
Read from stdout: 		@tags.barcode(product.ean)
		@tags.barcode(product.ean)
Read from stdout: 		      ^
		      ^
Read from stdout: one error found
one error found
Compilation failed (CompilerInterface)
Read from stdout: (compile:compileIncremental) Compilation failed
(compile:compileIncremental) Compilation failed
Total time: 2 s, completed 18-Nov-2015 12:27:58
> server-post-command-error-handler
> server-post-command-cleanup
> server-handle-next-server-request
> {file:/C:/Users/jforster/workspace/play/}root/compile:mainClass
Evaluating tasks: compile:mainClass
Running task... Cancel: sbt.server.ServerTaskCancellation@5a91e5ec, check cycles: false
Total time: 0 s, completed 18-Nov-2015 12:27:58
> server-post-command-cleanup
> server-handle-next-server-request
> backgroundRun
Evaluating tasks: compile:backgroundRun
Running task... Cancel: sbt.server.ServerTaskCancellation@186db0eb, check cycles: false
Total time: 0 s, completed 18-Nov-2015 12:27:59
> server-post-command-cleanup
> server-handle-next-server-request
> {file:/C:/Users/jforster/workspace/play/}root/*:playForkConfig
Evaluating tasks: *:playForkConfig
Running task... Cancel: sbt.server.ServerTaskCancellation@1a77b660, check cycles: false
Total time: 0 s, completed 18-Nov-2015 12:28:01
> server-post-command-cleanup
> server-handle-next-server-request
> root/playForkNotifyStart http://localhost:9000
Evaluating tasks: *:playForkNotifyStart
Running task... Cancel: sbt.server.ServerTaskCancellation@322760ce, check cycles: false
Total time: 0 s, completed 18-Nov-2015 12:28:02
> server-post-command-cleanup
> server-handle-next-server-request
> {file:/C:/Users/jforster/workspace/play/}root/*:playForkReload
Evaluating tasks: *:playForkReload
Running task... Cancel: sbt.server.ServerTaskCancellation@3cf50b3f, check cycles: false

Initial source changes: 
	removed:Set()
	added: Set(C:\Users\jforster\workspace\play\target\scala-2.11\twirl\main\views\html\barcode.template.scala, C:\Users\jforster\workspace\play\app\controllers\Barcodes.scala, C:\Users\jforster\workspace\play\target\scala-2.11\twirl\main\views\html\details.template.scala)
	modified: Set(C:\Users\jforster\workspace\play\target\scala-2.11\routes\main\controllers\ReverseRoutes.scala, C:\Users\jforster\workspace\play\target\scala-2.11\routes\main\router\RoutesPrefix.scala, C:\Users\jforster\workspace\play\target\scala-2.11\routes\main\controllers\javascript\JavaScriptReverseRoutes.scala, C:\Users\jforster\workspace\play\target\scala-2.11\routes\main\router\Routes.scala, C:\Users\jforster\workspace\play\target\scala-2.11\routes\main\controllers\routes.java, C:\Users\jforster\workspace\play\app\controllers\Products.scala)
Removed products: Set(C:\Users\jforster\workspace\play\target\scala-2.11\classes\controllers\Application.class, C:\Users\jforster\workspace\play\target\scala-2.11\classes\controllers\Application$$anonfun$index$1.class, C:\Users\jforster\workspace\play\target\scala-2.11\classes\controllers\Application$$anonfun$hello$1.class, C:\Users\jforster\workspace\play\target\scala-2.11\classes\controllers\Products$$anonfun$list$1.class, C:\Users\jforster\workspace\play\target\scala-2.11\classes\models\Product$.class, C:\Users\jforster\workspace\play\target\scala-2.11\classes\controllers\Products.class, C:\Users\jforster\workspace\play\target\scala-2.11\classes\models\Product$$anonfun$findAll$1.class, C:\Users\jforster\workspace\play\target\scala-2.11\classes\models\Product$$anonfun$findByEan$1.class, C:\Users\jforster\workspace\play\target\scala-2.11\classes\models\Product.class)
External API changes: API Changes: Set()
Modified binary dependencies: Set()
Initial directly invalidated sources: Set(C:\Users\jforster\workspace\play\target\scala-2.11\routes\main\controllers\ReverseRoutes.scala, C:\Users\jforster\workspace\play\target\scala-2.11\twirl\main\views\html\barcode.template.scala, C:\Users\jforster\workspace\play\app\controllers\Barcodes.scala, C:\Users\jforster\workspace\play\target\scala-2.11\routes\main\router\RoutesPrefix.scala, C:\Users\jforster\workspace\play\target\scala-2.11\twirl\main\views\html\details.template.scala, C:\Users\jforster\workspace\play\target\scala-2.11\routes\main\controllers\javascript\JavaScriptReverseRoutes.scala, C:\Users\jforster\workspace\play\target\scala-2.11\routes\main\router\Routes.scala, C:\Users\jforster\workspace\play\target\scala-2.11\routes\main\controllers\routes.java, C:\Users\jforster\workspace\play\app\controllers\Products.scala)

Sources indirectly invalidated by:
	product: Set(C:\Users\jforster\workspace\play\app\controllers\Application.scala, C:\Users\jforster\workspace\play\app\controllers\Products.scala, C:\Users\jforster\workspace\play\app\models\Product.scala)
	binary dep: Set()
	external source: Set()
All initially invalidated sources: Set(C:\Users\jforster\workspace\play\target\scala-2.11\routes\main\controllers\ReverseRoutes.scala, C:\Users\jforster\workspace\play\target\scala-2.11\twirl\main\views\html\barcode.template.scala, C:\Users\jforster\workspace\play\app\models\Product.scala, C:\Users\jforster\workspace\play\app\controllers\Barcodes.scala, C:\Users\jforster\workspace\play\target\scala-2.11\routes\main\router\RoutesPrefix.scala, C:\Users\jforster\workspace\play\target\scala-2.11\twirl\main\views\html\details.template.scala, C:\Users\jforster\workspace\play\target\scala-2.11\routes\main\controllers\javascript\JavaScriptReverseRoutes.scala, C:\Users\jforster\workspace\play\app\controllers\Application.scala, C:\Users\jforster\workspace\play\target\scala-2.11\routes\main\router\Routes.scala, C:\Users\jforster\workspace\play\target\scala-2.11\routes\main\controllers\routes.java, C:\Users\jforster\workspace\play\app\controllers\Products.scala)

Recompiling all 15 sources: invalidated sources (11) exceeded 50.0% of all sources
Read from stdout: Compiling 14 Scala sources and 1 Java source to C:\Users\jforster\workspace\play\target\scala-2.11\classes...
Compiling 14 Scala sources and 1 Java source to C:\Users\jforster\workspace\play\target\scala-2.11\classes...
Getting compiler-interface from component compiler for Scala 2.11.6
Other repositories:
Default repositories:
Getting compiler-interface from component compiler for Scala 2.11.6
Other repositories:
Default repositories:
Running cached compiler 64996f8a, interfacing (CompilerInterface) with Scala compiler version 2.11.6
Calling Scala compiler with arguments  (CompilerInterface):
	-deprecation
	-unchecked
	-encoding
	utf8
	-bootclasspath
	C:\Program Files\Java\jdk1.8.0_65\jre\lib\resources.jar;C:\Program Files\Java\jdk1.8.0_65\jre\lib\rt.jar;C:\Program Files\Java\jdk1.8.0_65\jre\lib\sunrsasign.jar;C:\Program Files\Java\jdk1.8.0_65\jre\lib\jsse.jar;C:\Program Files\Java\jdk1.8.0_65\jre\lib\jce.jar;C:\Program Files\Java\jdk1.8.0_65\jre\lib\charsets.jar;C:\Program Files\Java\jdk1.8.0_65\jre\lib\jfr.jar;C:\Program Files\Java\jdk1.8.0_65\jre\classes;C:\Users\jforster\.ivy2\cache\org.scala-lang\scala-library\jars\scala-library-2.11.6.jar
	-classpath
	C:\Users\jforster\workspace\play\target\scala-2.11\classes;C:\Users\jforster\.ivy2\cache\com.typesafe.play\twirl-api_2.11\jars\twirl-api_2.11-1.1.1.jar;C:\Users\jforster\.ivy2\cache\org.apache.commons\commons-lang3\jars\commons-lang3-3.4.jar;C:\Users\jforster\.ivy2\cache\org.scala-lang.modules\scala-xml_2.11\bundles\scala-xml_2.11-1.0.1.jar;C:\Users\jforster\.ivy2\cache\com.typesafe.play\play-server_2.11\jars\play-server_2.11-2.4.3.jar;C:\Users\jforster\.ivy2\cache\com.typesafe.play\play_2.11\jars\play_2.11-2.4.3.jar;C:\Users\jforster\.ivy2\cache\com.typesafe.play\build-link\jars\build-link-2.4.3.jar;C:\Users\jforster\.ivy2\cache\com.typesafe.play\play-exceptions\jars\play-exceptions-2.4.3.jar;C:\Users\jforster\.ivy2\cache\org.javassist\javassist\bundles\javassist-3.19.0-GA.jar;C:\Users\jforster\.ivy2\cache\com.typesafe.play\play-iteratees_2.11\jars\play-iteratees_2.11-2.4.3.jar;C:\Users\jforster\.ivy2\cache\org.scala-stm\scala-stm_2.11\jars\scala-stm_2.11-0.7.jar;C:\Users\jforster\.ivy2\cache\com.typesafe\config\bundles\config-1.3.0.jar;C:\Users\jforster\.ivy2\cache\com.typesafe.play\play-json_2.11\jars\play-json_2.11-2.4.3.jar;C:\Users\jforster\.ivy2\cache\com.typesafe.play\play-functional_2.11\jars\play-functional_2.11-2.4.3.jar;C:\Users\jforster\.ivy2\cache\com.typesafe.play\play-datacommons_2.11\jars\play-datacommons_2.11-2.4.3.jar;C:\Users\jforster\.ivy2\cache\joda-time\joda-time\jars\joda-time-2.8.1.jar;C:\Users\jforster\.ivy2\cache\org.joda\joda-convert\jars\joda-convert-1.7.jar;C:\Users\jforster\.ivy2\cache\org.scala-lang\scala-reflect\jars\scala-reflect-2.11.6.jar;C:\Users\jforster\.ivy2\cache\com.fasterxml.jackson.core\jackson-core\bundles\jackson-core-2.5.4.jar;C:\Users\jforster\.ivy2\cache\com.fasterxml.jackson.core\jackson-annotations\bundles\jackson-annotations-2.5.4.jar;C:\Users\jforster\.ivy2\cache\com.fasterxml.jackson.core\jackson-databind\bundles\jackson-databind-2.5.4.jar;C:\Users\jforster\.ivy2\cache\com.fasterxml.jackson.datatype\jackson-datatype-jdk8\bundles\jackson-datatype-jdk8-2.5.4.jar;C:\Users\jforster\.ivy2\cache\com.fasterxml.jackson.datatype\jackson-datatype-jsr310\bundles\jackson-datatype-jsr310-2.5.4.jar;C:\Users\jforster\.ivy2\cache\com.typesafe.play\play-netty-utils\jars\play-netty-utils-2.4.3.jar;C:\Users\jforster\.ivy2\cache\org.slf4j\slf4j-api\jars\slf4j-api-1.7.12.jar;C:\Users\jforster\.ivy2\cache\org.slf4j\jul-to-slf4j\jars\jul-to-slf4j-1.7.12.jar;C:\Users\jforster\.ivy2\cache\org.slf4j\jcl-over-slf4j\jars\jcl-over-slf4j-1.7.12.jar;C:\Users\jforster\.ivy2\cache\org.scala-lang.modules\scala-parser-combinators_2.11\bundles\scala-parser-combinators_2.11-1.0.1.jar;C:\Users\jforster\.ivy2\cache\ch.qos.logback\logback-core\jars\logback-core-1.1.3.jar;C:\Users\jforster\.ivy2\cache\ch.qos.logback\logback-classic\jars\logback-classic-1.1.3.jar;C:\Users\jforster\.ivy2\cache\com.typesafe.akka\akka-actor_2.11\jars\akka-actor_2.11-2.3.13.jar;C:\Users\jforster\.ivy2\cache\com.typesafe.akka\akka-slf4j_2.11\jars\akka-slf4j_2.11-2.3.13.jar;C:\Users\jforster\.ivy2\cache\commons-codec\commons-codec\jars\commons-codec-1.10.jar;C:\Users\jforster\.ivy2\cache\xerces\xercesImpl\jars\xercesImpl-2.11.0.jar;C:\Users\jforster\.ivy2\cache\xml-apis\xml-apis\jars\xml-apis-1.4.01.jar;C:\Users\jforster\.ivy2\cache\javax.transaction\jta\jars\jta-1.1.jar;C:\Users\jforster\.ivy2\cache\com.google.inject\guice\jars\guice-4.0.jar;C:\Users\jforster\.ivy2\cache\javax.inject\javax.inject\jars\javax.inject-1.jar;C:\Users\jforster\.ivy2\cache\aopalliance\aopalliance\jars\aopalliance-1.0.jar;C:\Users\jforster\.ivy2\cache\com.google.inject.extensions\guice-assistedinject\jars\guice-assistedinject-4.0.jar;C:\Users\jforster\.ivy2\cache\com.typesafe.play\play-netty-server_2.11\jars\play-netty-server_2.11-2.4.3.jar;C:\Users\jforster\.ivy2\cache\io.netty\netty\bundles\netty-3.10.4.Final.jar;C:\Users\jforster\.ivy2\cache\com.typesafe.netty\netty-http-pipelining\jars\netty-http-pipelining-1.1.4.jar;C:\Users\jforster\.ivy2\cache\com.typesafe.play\play-jdbc_2.11\jars\play-jdbc_2.11-2.4.3.jar;C:\Users\jforster\.ivy2\cache\com.typesafe.play\play-jdbc-api_2.11\jars\play-jdbc-api_2.11-2.4.3.jar;C:\Users\jforster\.ivy2\cache\com.jolbox\bonecp\bundles\bonecp-0.8.0.RELEASE.jar;C:\Users\jforster\.ivy2\cache\com.zaxxer\HikariCP\bundles\HikariCP-2.3.7.jar;C:\Users\jforster\.ivy2\cache\com.h2database\h2\jars\h2-1.4.187.jar;C:\Users\jforster\.ivy2\cache\tyrex\tyrex\jars\tyrex-1.0.1.jar;C:\Users\jforster\.ivy2\cache\com.typesafe.play\play-cache_2.11\jars\play-cache_2.11-2.4.3.jar;C:\Users\jforster\.ivy2\cache\net.sf.ehcache\ehcache-core\jars\ehcache-core-2.6.11.jar;C:\Users\jforster\.ivy2\cache\com.typesafe.play\play-ws_2.11\jars\play-ws_2.11-2.4.3.jar;C:\Users\jforster\.ivy2\cache\com.google.guava\guava\bundles\guava-18.0.jar;C:\Users\jforster\.ivy2\cache\com.ning\async-http-client\jars\async-http-client-1.9.21.jar;C:\Users\jforster\.ivy2\cache\oauth.signpost\signpost-core\jars\signpost-core-1.2.1.2.jar;C:\Users\jforster\.ivy2\cache\oauth.signpost\signpost-commonshttp4\jars\signpost-commonshttp4-1.2.1.2.jar;C:\Users\jforster\.ivy2\cache\org.apache.httpcomponents\httpcore\jars\httpcore-4.0.1.jar;C:\Users\jforster\.ivy2\cache\org.apache.httpcomponents\httpclient\jars\httpclient-4.0.1.jar;C:\Users\jforster\.ivy2\cache\commons-logging\commons-logging\jars\commons-logging-1.1.1.jar;C:\Users\jforster\.ivy2\cache\net.sf.barcode4j\barcode4j\jars\barcode4j-2.0.jar;C:\Users\jforster\.ivy2\cache\avalon-framework\avalon-framework-impl\jars\avalon-framework-impl-4.2.0.jar
Warning: node.js detection failed, sbt will use the Rhino based Trireme JavaScript engine instead to run JavaScript assets compilation, which in some cases may be orders of magnitude slower than using node.js.
Read from stdout: C:\Users\jforster\workspace\play\app\views\details.scala.html:6: not found: value tags
C:\Users\jforster\workspace\play\app\views\details.scala.html:6: not found: value tags
Read from stdout: 		@tags.barcode(product.ean)
		@tags.barcode(product.ean)
Read from stdout: 		      ^
		      ^
Read from stdout: one error found
one error found
Compilation failed (CompilerInterface)
Total time: 2 s, completed 18-Nov-2015 12:28:31
> server-post-command-cleanup
> server-handle-next-server-request
> {file:/C:/Users/jforster/workspace/play/}root/*:playForkReload
Evaluating tasks: *:playForkReload
Running task... Cancel: sbt.server.ServerTaskCancellation@157d0399, check cycles: false

Initial source changes: 
	removed:Set()
	added: Set(C:\Users\jforster\workspace\play\target\scala-2.11\twirl\main\views\html\barcode.template.scala, C:\Users\jforster\workspace\play\app\controllers\Barcodes.scala, C:\Users\jforster\workspace\play\target\scala-2.11\twirl\main\views\html\details.template.scala)
	modified: Set(C:\Users\jforster\workspace\play\target\scala-2.11\routes\main\controllers\ReverseRoutes.scala, C:\Users\jforster\workspace\play\target\scala-2.11\routes\main\router\RoutesPrefix.scala, C:\Users\jforster\workspace\play\target\scala-2.11\routes\main\controllers\javascript\JavaScriptReverseRoutes.scala, C:\Users\jforster\workspace\play\target\scala-2.11\routes\main\router\Routes.scala, C:\Users\jforster\workspace\play\target\scala-2.11\routes\main\controllers\routes.java, C:\Users\jforster\workspace\play\app\controllers\Products.scala)
Removed products: Set(C:\Users\jforster\workspace\play\target\scala-2.11\classes\controllers\Application.class, C:\Users\jforster\workspace\play\target\scala-2.11\classes\controllers\Application$$anonfun$index$1.class, C:\Users\jforster\workspace\play\target\scala-2.11\classes\controllers\Application$$anonfun$hello$1.class, C:\Users\jforster\workspace\play\target\scala-2.11\classes\controllers\Products$$anonfun$list$1.class, C:\Users\jforster\workspace\play\target\scala-2.11\classes\models\Product$.class, C:\Users\jforster\workspace\play\target\scala-2.11\classes\controllers\Products.class, C:\Users\jforster\workspace\play\target\scala-2.11\classes\models\Product$$anonfun$findAll$1.class, C:\Users\jforster\workspace\play\target\scala-2.11\classes\models\Product$$anonfun$findByEan$1.class, C:\Users\jforster\workspace\play\target\scala-2.11\classes\models\Product.class)
External API changes: API Changes: Set()
Modified binary dependencies: Set()
Initial directly invalidated sources: Set(C:\Users\jforster\workspace\play\target\scala-2.11\routes\main\controllers\ReverseRoutes.scala, C:\Users\jforster\workspace\play\target\scala-2.11\twirl\main\views\html\barcode.template.scala, C:\Users\jforster\workspace\play\app\controllers\Barcodes.scala, C:\Users\jforster\workspace\play\target\scala-2.11\routes\main\router\RoutesPrefix.scala, C:\Users\jforster\workspace\play\target\scala-2.11\twirl\main\views\html\details.template.scala, C:\Users\jforster\workspace\play\target\scala-2.11\routes\main\controllers\javascript\JavaScriptReverseRoutes.scala, C:\Users\jforster\workspace\play\target\scala-2.11\routes\main\router\Routes.scala, C:\Users\jforster\workspace\play\target\scala-2.11\routes\main\controllers\routes.java, C:\Users\jforster\workspace\play\app\controllers\Products.scala)

Sources indirectly invalidated by:
	product: Set(C:\Users\jforster\workspace\play\app\controllers\Application.scala, C:\Users\jforster\workspace\play\app\controllers\Products.scala, C:\Users\jforster\workspace\play\app\models\Product.scala)
	binary dep: Set()
	external source: Set()
All initially invalidated sources: Set(C:\Users\jforster\workspace\play\target\scala-2.11\routes\main\controllers\ReverseRoutes.scala, C:\Users\jforster\workspace\play\target\scala-2.11\twirl\main\views\html\barcode.template.scala, C:\Users\jforster\workspace\play\app\models\Product.scala, C:\Users\jforster\workspace\play\app\controllers\Barcodes.scala, C:\Users\jforster\workspace\play\target\scala-2.11\routes\main\router\RoutesPrefix.scala, C:\Users\jforster\workspace\play\target\scala-2.11\twirl\main\views\html\details.template.scala, C:\Users\jforster\workspace\play\target\scala-2.11\routes\main\controllers\javascript\JavaScriptReverseRoutes.scala, C:\Users\jforster\workspace\play\app\controllers\Application.scala, C:\Users\jforster\workspace\play\target\scala-2.11\routes\main\router\Routes.scala, C:\Users\jforster\workspace\play\target\scala-2.11\routes\main\controllers\routes.java, C:\Users\jforster\workspace\play\app\controllers\Products.scala)

Recompiling all 15 sources: invalidated sources (11) exceeded 50.0% of all sources
Read from stdout: Compiling 14 Scala sources and 1 Java source to C:\Users\jforster\workspace\play\target\scala-2.11\classes...
Compiling 14 Scala sources and 1 Java source to C:\Users\jforster\workspace\play\target\scala-2.11\classes...
Getting compiler-interface from component compiler for Scala 2.11.6
Other repositories:
Default repositories:
Getting compiler-interface from component compiler for Scala 2.11.6
Other repositories:
Default repositories:
Running cached compiler 3e9e1e7a, interfacing (CompilerInterface) with Scala compiler version 2.11.6
Calling Scala compiler with arguments  (CompilerInterface):
	-deprecation
	-unchecked
	-encoding
	utf8
	-bootclasspath
	C:\Program Files\Java\jdk1.8.0_65\jre\lib\resources.jar;C:\Program Files\Java\jdk1.8.0_65\jre\lib\rt.jar;C:\Program Files\Java\jdk1.8.0_65\jre\lib\sunrsasign.jar;C:\Program Files\Java\jdk1.8.0_65\jre\lib\jsse.jar;C:\Program Files\Java\jdk1.8.0_65\jre\lib\jce.jar;C:\Program Files\Java\jdk1.8.0_65\jre\lib\charsets.jar;C:\Program Files\Java\jdk1.8.0_65\jre\lib\jfr.jar;C:\Program Files\Java\jdk1.8.0_65\jre\classes;C:\Users\jforster\.ivy2\cache\org.scala-lang\scala-library\jars\scala-library-2.11.6.jar
	-classpath
	C:\Users\jforster\workspace\play\target\scala-2.11\classes;C:\Users\jforster\.ivy2\cache\com.typesafe.play\twirl-api_2.11\jars\twirl-api_2.11-1.1.1.jar;C:\Users\jforster\.ivy2\cache\org.apache.commons\commons-lang3\jars\commons-lang3-3.4.jar;C:\Users\jforster\.ivy2\cache\org.scala-lang.modules\scala-xml_2.11\bundles\scala-xml_2.11-1.0.1.jar;C:\Users\jforster\.ivy2\cache\com.typesafe.play\play-server_2.11\jars\play-server_2.11-2.4.3.jar;C:\Users\jforster\.ivy2\cache\com.typesafe.play\play_2.11\jars\play_2.11-2.4.3.jar;C:\Users\jforster\.ivy2\cache\com.typesafe.play\build-link\jars\build-link-2.4.3.jar;C:\Users\jforster\.ivy2\cache\com.typesafe.play\play-exceptions\jars\play-exceptions-2.4.3.jar;C:\Users\jforster\.ivy2\cache\org.javassist\javassist\bundles\javassist-3.19.0-GA.jar;C:\Users\jforster\.ivy2\cache\com.typesafe.play\play-iteratees_2.11\jars\play-iteratees_2.11-2.4.3.jar;C:\Users\jforster\.ivy2\cache\org.scala-stm\scala-stm_2.11\jars\scala-stm_2.11-0.7.jar;C:\Users\jforster\.ivy2\cache\com.typesafe\config\bundles\config-1.3.0.jar;C:\Users\jforster\.ivy2\cache\com.typesafe.play\play-json_2.11\jars\play-json_2.11-2.4.3.jar;C:\Users\jforster\.ivy2\cache\com.typesafe.play\play-functional_2.11\jars\play-functional_2.11-2.4.3.jar;C:\Users\jforster\.ivy2\cache\com.typesafe.play\play-datacommons_2.11\jars\play-datacommons_2.11-2.4.3.jar;C:\Users\jforster\.ivy2\cache\joda-time\joda-time\jars\joda-time-2.8.1.jar;C:\Users\jforster\.ivy2\cache\org.joda\joda-convert\jars\joda-convert-1.7.jar;C:\Users\jforster\.ivy2\cache\org.scala-lang\scala-reflect\jars\scala-reflect-2.11.6.jar;C:\Users\jforster\.ivy2\cache\com.fasterxml.jackson.core\jackson-core\bundles\jackson-core-2.5.4.jar;C:\Users\jforster\.ivy2\cache\com.fasterxml.jackson.core\jackson-annotations\bundles\jackson-annotations-2.5.4.jar;C:\Users\jforster\.ivy2\cache\com.fasterxml.jackson.core\jackson-databind\bundles\jackson-databind-2.5.4.jar;C:\Users\jforster\.ivy2\cache\com.fasterxml.jackson.datatype\jackson-datatype-jdk8\bundles\jackson-datatype-jdk8-2.5.4.jar;C:\Users\jforster\.ivy2\cache\com.fasterxml.jackson.datatype\jackson-datatype-jsr310\bundles\jackson-datatype-jsr310-2.5.4.jar;C:\Users\jforster\.ivy2\cache\com.typesafe.play\play-netty-utils\jars\play-netty-utils-2.4.3.jar;C:\Users\jforster\.ivy2\cache\org.slf4j\slf4j-api\jars\slf4j-api-1.7.12.jar;C:\Users\jforster\.ivy2\cache\org.slf4j\jul-to-slf4j\jars\jul-to-slf4j-1.7.12.jar;C:\Users\jforster\.ivy2\cache\org.slf4j\jcl-over-slf4j\jars\jcl-over-slf4j-1.7.12.jar;C:\Users\jforster\.ivy2\cache\org.scala-lang.modules\scala-parser-combinators_2.11\bundles\scala-parser-combinators_2.11-1.0.1.jar;C:\Users\jforster\.ivy2\cache\ch.qos.logback\logback-core\jars\logback-core-1.1.3.jar;C:\Users\jforster\.ivy2\cache\ch.qos.logback\logback-classic\jars\logback-classic-1.1.3.jar;C:\Users\jforster\.ivy2\cache\com.typesafe.akka\akka-actor_2.11\jars\akka-actor_2.11-2.3.13.jar;C:\Users\jforster\.ivy2\cache\com.typesafe.akka\akka-slf4j_2.11\jars\akka-slf4j_2.11-2.3.13.jar;C:\Users\jforster\.ivy2\cache\commons-codec\commons-codec\jars\commons-codec-1.10.jar;C:\Users\jforster\.ivy2\cache\xerces\xercesImpl\jars\xercesImpl-2.11.0.jar;C:\Users\jforster\.ivy2\cache\xml-apis\xml-apis\jars\xml-apis-1.4.01.jar;C:\Users\jforster\.ivy2\cache\javax.transaction\jta\jars\jta-1.1.jar;C:\Users\jforster\.ivy2\cache\com.google.inject\guice\jars\guice-4.0.jar;C:\Users\jforster\.ivy2\cache\javax.inject\javax.inject\jars\javax.inject-1.jar;C:\Users\jforster\.ivy2\cache\aopalliance\aopalliance\jars\aopalliance-1.0.jar;C:\Users\jforster\.ivy2\cache\com.google.inject.extensions\guice-assistedinject\jars\guice-assistedinject-4.0.jar;C:\Users\jforster\.ivy2\cache\com.typesafe.play\play-netty-server_2.11\jars\play-netty-server_2.11-2.4.3.jar;C:\Users\jforster\.ivy2\cache\io.netty\netty\bundles\netty-3.10.4.Final.jar;C:\Users\jforster\.ivy2\cache\com.typesafe.netty\netty-http-pipelining\jars\netty-http-pipelining-1.1.4.jar;C:\Users\jforster\.ivy2\cache\com.typesafe.play\play-jdbc_2.11\jars\play-jdbc_2.11-2.4.3.jar;C:\Users\jforster\.ivy2\cache\com.typesafe.play\play-jdbc-api_2.11\jars\play-jdbc-api_2.11-2.4.3.jar;C:\Users\jforster\.ivy2\cache\com.jolbox\bonecp\bundles\bonecp-0.8.0.RELEASE.jar;C:\Users\jforster\.ivy2\cache\com.zaxxer\HikariCP\bundles\HikariCP-2.3.7.jar;C:\Users\jforster\.ivy2\cache\com.h2database\h2\jars\h2-1.4.187.jar;C:\Users\jforster\.ivy2\cache\tyrex\tyrex\jars\tyrex-1.0.1.jar;C:\Users\jforster\.ivy2\cache\com.typesafe.play\play-cache_2.11\jars\play-cache_2.11-2.4.3.jar;C:\Users\jforster\.ivy2\cache\net.sf.ehcache\ehcache-core\jars\ehcache-core-2.6.11.jar;C:\Users\jforster\.ivy2\cache\com.typesafe.play\play-ws_2.11\jars\play-ws_2.11-2.4.3.jar;C:\Users\jforster\.ivy2\cache\com.google.guava\guava\bundles\guava-18.0.jar;C:\Users\jforster\.ivy2\cache\com.ning\async-http-client\jars\async-http-client-1.9.21.jar;C:\Users\jforster\.ivy2\cache\oauth.signpost\signpost-core\jars\signpost-core-1.2.1.2.jar;C:\Users\jforster\.ivy2\cache\oauth.signpost\signpost-commonshttp4\jars\signpost-commonshttp4-1.2.1.2.jar;C:\Users\jforster\.ivy2\cache\org.apache.httpcomponents\httpcore\jars\httpcore-4.0.1.jar;C:\Users\jforster\.ivy2\cache\org.apache.httpcomponents\httpclient\jars\httpclient-4.0.1.jar;C:\Users\jforster\.ivy2\cache\commons-logging\commons-logging\jars\commons-logging-1.1.1.jar;C:\Users\jforster\.ivy2\cache\net.sf.barcode4j\barcode4j\jars\barcode4j-2.0.jar;C:\Users\jforster\.ivy2\cache\avalon-framework\avalon-framework-impl\jars\avalon-framework-impl-4.2.0.jar
Scala compilation took 3.355700399 s
Attempting to call com.sun.tools.javac.api.JavacTool@1742456f directly...
Java compilation took 0.415011283 s
Java analysis took 0.048686481 s
Java compile + analysis took 0.472431977 s
Invalidating C:\Users\jforster\workspace\play\target\scala-2.11\routes\main\controllers\ReverseRoutes.scala...
Invalidating (transitively) by inheritance from C:\Users\jforster\workspace\play\target\scala-2.11\routes\main\controllers\ReverseRoutes.scala...
Initial set of included nodes: Set(C:\Users\jforster\workspace\play\target\scala-2.11\routes\main\controllers\ReverseRoutes.scala)
Invalidated by transitive inheritance dependency: Set(C:\Users\jforster\workspace\play\target\scala-2.11\routes\main\controllers\ReverseRoutes.scala)
The C:\Users\jforster\workspace\play\target\scala-2.11\routes\main\controllers\ReverseRoutes.scala source file has the following regular definitions changed:
	notify, _defaultPrefix, wait, barcode, show, $asInstanceOf, equals, asInstanceOf, synchronized, $isInstanceOf, notifyAll, isInstanceOf, <init>, ==, clone, ReverseBarcodes, toString, !=, getClass, ne, eq, ##, finalize, hashCode.
All member reference dependencies will be considered within this context.
The following modified names cause invalidation of C:\Users\jforster\workspace\play\target\scala-2.11\twirl\main\views\html\barcode.template.scala: Set(barcode, <init>)
The following modified names cause invalidation of C:\Users\jforster\workspace\play\app\controllers\Application.scala: Set(<init>)
Name hashing optimization doesn't apply to non-Scala dependency: C:\Users\jforster\workspace\play\target\scala-2.11\routes\main\controllers\routes.java
The following modified names cause invalidation of C:\Users\jforster\workspace\play\target\scala-2.11\twirl\main\views\html\main.template.scala: Set(<init>)
Invalidating C:\Users\jforster\workspace\play\target\scala-2.11\twirl\main\views\html\details.template.scala...
Invalidating (transitively) by inheritance from C:\Users\jforster\workspace\play\target\scala-2.11\twirl\main\views\html\details.template.scala...
Initial set of included nodes: Set(C:\Users\jforster\workspace\play\target\scala-2.11\twirl\main\views\html\details.template.scala)
Invalidated by transitive inheritance dependency: Set(C:\Users\jforster\workspace\play\target\scala-2.11\twirl\main\views\html\details.template.scala)
The C:\Users\jforster\workspace\play\target\scala-2.11\twirl\main\views\html\details.template.scala source file has the following regular definitions changed:
	notify, format, details_Scope0, wait, $asInstanceOf, productArity, equals, asInstanceOf, f, synchronized, _display_, $isInstanceOf, ref, canEqual, productPrefix, notifyAll, readResolve, isInstanceOf, <init>, apply, ==, clone, details, copy, toString, !=, getClass, copy$default$1, render, ne, eq, productIterator, ##, finalize, productElement, hashCode.
All member reference dependencies will be considered within this context.
The following modified names cause invalidation of C:\Users\jforster\workspace\play\app\controllers\Products.scala: Set(<init>, apply, details)
Invalidating C:\Users\jforster\workspace\play\app\controllers\Products.scala...
Invalidating (transitively) by inheritance from C:\Users\jforster\workspace\play\app\controllers\Products.scala...
Initial set of included nodes: Set(C:\Users\jforster\workspace\play\app\controllers\Products.scala)
Invalidated by transitive inheritance dependency: Set(C:\Users\jforster\workspace\play\app\controllers\Products.scala)
The C:\Users\jforster\workspace\play\app\controllers\Products.scala source file has the following regular definitions changed:
	show.
All member reference dependencies will be considered within this context.
The following modified names cause invalidation of C:\Users\jforster\workspace\play\target\scala-2.11\routes\main\router\Routes.scala: Set(show)
Invalidating C:\Users\jforster\workspace\play\target\scala-2.11\twirl\main\views\html\barcode.template.scala...
Invalidating (transitively) by inheritance from C:\Users\jforster\workspace\play\target\scala-2.11\twirl\main\views\html\barcode.template.scala...
Initial set of included nodes: Set(C:\Users\jforster\workspace\play\target\scala-2.11\twirl\main\views\html\barcode.template.scala)
Invalidated by transitive inheritance dependency: Set(C:\Users\jforster\workspace\play\target\scala-2.11\twirl\main\views\html\barcode.template.scala)
The C:\Users\jforster\workspace\play\target\scala-2.11\twirl\main\views\html\barcode.template.scala source file has the following regular definitions changed:
	notify, format, wait, barcode, $asInstanceOf, productArity, equals, asInstanceOf, f, synchronized, _display_, $isInstanceOf, ref, canEqual, productPrefix, notifyAll, readResolve, isInstanceOf, <init>, apply, ==, clone, copy, toString, !=, getClass, copy$default$1, render, ne, barcode_Scope0, eq, productIterator, ##, finalize, productElement, hashCode.
All member reference dependencies will be considered within this context.
The following modified names cause invalidation of C:\Users\jforster\workspace\play\target\scala-2.11\twirl\main\views\html\details.template.scala: Set(format, barcode, _display_, <init>, apply)
Invalidating C:\Users\jforster\workspace\play\target\scala-2.11\routes\main\controllers\javascript\JavaScriptReverseRoutes.scala...
Invalidating (transitively) by inheritance from C:\Users\jforster\workspace\play\target\scala-2.11\routes\main\controllers\javascript\JavaScriptReverseRoutes.scala...
Initial set of included nodes: Set(C:\Users\jforster\workspace\play\target\scala-2.11\routes\main\controllers\javascript\JavaScriptReverseRoutes.scala)
Invalidated by transitive inheritance dependency: Set(C:\Users\jforster\workspace\play\target\scala-2.11\routes\main\controllers\javascript\JavaScriptReverseRoutes.scala)
The C:\Users\jforster\workspace\play\target\scala-2.11\routes\main\controllers\javascript\JavaScriptReverseRoutes.scala source file has the following regular definitions changed:
	notify, _defaultPrefix, wait, barcode, show, $asInstanceOf, equals, asInstanceOf, synchronized, $isInstanceOf, notifyAll, isInstanceOf, <init>, ==, clone, ReverseBarcodes, toString, !=, getClass, ne, eq, ##, finalize, hashCode.
All member reference dependencies will be considered within this context.
Name hashing optimization doesn't apply to non-Scala dependency: C:\Users\jforster\workspace\play\target\scala-2.11\routes\main\controllers\routes.java
Invalidating C:\Users\jforster\workspace\play\target\scala-2.11\routes\main\router\Routes.scala...
Invalidating (transitively) by inheritance from C:\Users\jforster\workspace\play\target\scala-2.11\routes\main\router\Routes.scala...
Initial set of included nodes: Set(C:\Users\jforster\workspace\play\target\scala-2.11\routes\main\router\Routes.scala)
Invalidated by transitive inheritance dependency: Set(C:\Users\jforster\workspace\play\target\scala-2.11\routes\main\router\Routes.scala)
The C:\Users\jforster\workspace\play\target\scala-2.11\routes\main\router\Routes.scala source file has the following regular definitions changed:
	controllers_Products_show3_invoker, <init>, controllers_Barcodes_barcode4_invoker, controllers_Products_show3_route, controllers_Barcodes_barcode4_route.
All member reference dependencies will be considered within this context.
Invalidating C:\Users\jforster\workspace\play\target\scala-2.11\routes\main\controllers\routes.java...
Invalidating (transitively) by inheritance from C:\Users\jforster\workspace\play\target\scala-2.11\routes\main\controllers\routes.java...
Initial set of included nodes: Set(C:\Users\jforster\workspace\play\target\scala-2.11\routes\main\controllers\routes.java)
Invalidated by transitive inheritance dependency: Set(C:\Users\jforster\workspace\play\target\scala-2.11\routes\main\controllers\routes.java)
The C:\Users\jforster\workspace\play\target\scala-2.11\routes\main\controllers\routes.java source file has the following regular definitions changed:
	Barcodes.
All member reference dependencies will be considered within this context.
The following modified names cause invalidation of C:\Users\jforster\workspace\play\target\scala-2.11\twirl\main\views\html\barcode.template.scala: Set(Barcodes)
None of the modified names appears in C:\Users\jforster\workspace\play\app\controllers\Application.scala. This dependency is not being considered for invalidation.
Name hashing optimization doesn't apply to non-Scala dependency: C:\Users\jforster\workspace\play\target\scala-2.11\routes\main\controllers\routes.java
None of the modified names appears in C:\Users\jforster\workspace\play\target\scala-2.11\twirl\main\views\html\main.template.scala. This dependency is not being considered for invalidation.
Invalidating C:\Users\jforster\workspace\play\app\controllers\Barcodes.scala...
Invalidating (transitively) by inheritance from C:\Users\jforster\workspace\play\app\controllers\Barcodes.scala...
Initial set of included nodes: Set(C:\Users\jforster\workspace\play\app\controllers\Barcodes.scala)
Invalidated by transitive inheritance dependency: Set(C:\Users\jforster\workspace\play\app\controllers\Barcodes.scala)
The C:\Users\jforster\workspace\play\app\controllers\Barcodes.scala source file has the following implicit definitions changed:
	request2session, request2flash, request2lang.
All member reference dependencies will be considered within this context.
The following member ref dependencies of C:\Users\jforster\workspace\play\app\controllers\Barcodes.scala are invalidated:
	C:\Users\jforster\workspace\play\target\scala-2.11\routes\main\router\Routes.scala
New invalidations:
	Set(C:\Users\jforster\workspace\play\target\scala-2.11\twirl\main\views\html\main.template.scala, C:\Users\jforster\workspace\play\app\controllers\Application.scala)
Initial set of included nodes: Set(C:\Users\jforster\workspace\play\target\scala-2.11\twirl\main\views\html\main.template.scala, C:\Users\jforster\workspace\play\app\controllers\Application.scala)
Including C:\Users\jforster\workspace\play\target\scala-2.11\twirl\main\views\html\list.template.scala by C:\Users\jforster\workspace\play\target\scala-2.11\twirl\main\views\html\main.template.scala
Including C:\Users\jforster\workspace\play\app\controllers\Products.scala by C:\Users\jforster\workspace\play\target\scala-2.11\twirl\main\views\html\list.template.scala
Including C:\Users\jforster\workspace\play\target\scala-2.11\routes\main\router\Routes.scala by C:\Users\jforster\workspace\play\app\controllers\Products.scala
Including C:\Users\jforster\workspace\play\target\scala-2.11\twirl\main\views\html\details.template.scala by C:\Users\jforster\workspace\play\target\scala-2.11\twirl\main\views\html\main.template.scala
Previously invalidated, but (transitively) depend on new invalidations:
	Set(C:\Users\jforster\workspace\play\target\scala-2.11\twirl\main\views\html\details.template.scala, C:\Users\jforster\workspace\play\target\scala-2.11\routes\main\router\Routes.scala, C:\Users\jforster\workspace\play\app\controllers\Products.scala)
All newly invalidated sources after taking into account (previously) recompiled sources:Set()
Copy resource mappings: 
	(C:\Users\jforster\workspace\play\conf\application.conf,C:\Users\jforster\workspace\play\target\scala-2.11\classes\application.conf)
	(C:\Users\jforster\workspace\play\conf\logback.xml,C:\Users\jforster\workspace\play\target\scala-2.11\classes\logback.xml)
	(C:\Users\jforster\workspace\play\conf\messages,C:\Users\jforster\workspace\play\target\scala-2.11\classes\messages)
	(C:\Users\jforster\workspace\play\conf\messages.es,C:\Users\jforster\workspace\play\target\scala-2.11\classes\messages.es)
	(C:\Users\jforster\workspace\play\conf\messages.fr,C:\Users\jforster\workspace\play\target\scala-2.11\classes\messages.fr)
	(C:\Users\jforster\workspace\play\conf\messages.nl,C:\Users\jforster\workspace\play\target\scala-2.11\classes\messages.nl)
	(C:\Users\jforster\workspace\play\conf\routes,C:\Users\jforster\workspace\play\target\scala-2.11\classes\routes)
Total time: 5 s, completed 18-Nov-2015 12:28:51
> server-post-command-cleanup
> server-handle-next-server-request
